#
# There is insufficient memory for the Java Runtime Environment to continue.
# Native memory allocation (malloc) failed to allocate 2456272 bytes. Error detail: Chunk::new
# Possible reasons:
#   The system is out of physical RAM or swap space
#   This process is running with CompressedOops enabled, and the Java Heap may be blocking the growth of the native heap
# Possible solutions:
#   Reduce memory load on the system
#   Increase physical memory or swap space
#   Check if swap backing store is full
#   Decrease Java heap size (-Xmx/-Xms)
#   Decrease number of Java threads
#   Decrease Java thread stack sizes (-Xss)
#   Set larger code cache with -XX:ReservedCodeCacheSize=
#   JVM is running with Unscaled Compressed Oops mode in which the Java heap is
#     placed in the first 4GB address space. The Java Heap base address is the
#     maximum limit for the native heap growth. Please use -XX:HeapBaseMinAddress
#     to set the Java Heap base and to place the Java Heap above 4GB virtual address.
# This output file may be truncated or incomplete.
#
#  Out of Memory Error (arena.cpp:168), pid=21228, tid=21460
#
# JRE version: OpenJDK Runtime Environment Temurin-21.0.9+10 (21.0.9+10) (build 21.0.9+10-LTS)
# Java VM: OpenJDK 64-Bit Server VM Temurin-21.0.9+10 (21.0.9+10-LTS, mixed mode, sharing, tiered, compressed oops, compressed class ptrs, parallel gc, windows-amd64)
# No core dump will be written. Minidumps are not enabled by default on client versions of Windows
#

---------------  S U M M A R Y ------------

Command Line: --add-modules=ALL-SYSTEM --add-opens=java.base/java.util=ALL-UNNAMED --add-opens=java.base/java.lang=ALL-UNNAMED --add-opens=java.base/sun.nio.fs=ALL-UNNAMED -Declipse.application=org.eclipse.jdt.ls.core.id1 -Dosgi.bundles.defaultStartLevel=4 -Declipse.product=org.eclipse.jdt.ls.core.product -Djava.import.generatesMetadataFilesAtProjectRoot=false -DDetectVMInstallationsJob.disabled=true -Dfile.encoding=utf8 -XX:+UseParallelGC -XX:GCTimeRatio=4 -XX:AdaptiveSizePolicyWeight=90 -Dsun.zip.disableMemoryMapping=true -Xmx2G -Xms100m -Xlog:disable -javaagent:c:\Users\nashv\.antigravity\extensions\redhat.java-1.52.0-win32-x64\lombok\lombok-1.18.39-4050.jar -XX:+HeapDumpOnOutOfMemoryError -XX:HeapDumpPath=c:\Users\nashv\AppData\Roaming\Antigravity\User\workspaceStorage\bc95f31115c2f8c965d9af6a4be9b36b\redhat.java -Daether.dependencyCollector.impl=bf c:\Users\nashv\.antigravity\extensions\redhat.java-1.52.0-win32-x64\server\plugins\org.eclipse.equinox.launcher_1.7.100.v20251111-0406.jar -configuration c:\Users\nashv\AppData\Roaming\Antigravity\User\globalStorage\redhat.java\1.52.0\config_win -data c:\Users\nashv\AppData\Roaming\Antigravity\User\workspaceStorage\bc95f31115c2f8c965d9af6a4be9b36b\redhat.java\jdt_ws --pipe=\\.\pipe\lsp-88367befebd53ec4272d36e0fdd9b131-sock

Host: AMD Ryzen 5 5500U with Radeon Graphics         , 12 cores, 15G,  Windows 11 , 64 bit Build 26100 (10.0.26100.7623)
Time: Sat Mar  7 14:20:14 2026 India Standard Time elapsed time: 36.603694 seconds (0d 0h 0m 36s)

---------------  T H R E A D  ---------------

Current thread (0x0000028cd468f0e0):  JavaThread "C2 CompilerThread0" daemon [_thread_in_native, id=21460, stack(0x000000d67c100000,0x000000d67c200000) (1024K)]


Current CompileTask:
C2:36604 3977       4       org.lombokweb.asm.ClassReader::readMethod (1070 bytes)

Stack: [0x000000d67c100000,0x000000d67c200000]
Native frames: (J=compiled Java code, j=interpreted, Vv=VM code, C=native code)
V  [jvm.dll+0x6d6e29]
V  [jvm.dll+0x8b4b76]
V  [jvm.dll+0x8b712e]
V  [jvm.dll+0x8b7813]
V  [jvm.dll+0x283d86]
V  [jvm.dll+0xc66ed]
V  [jvm.dll+0xc6c31]
V  [jvm.dll+0x3be53b]
V  [jvm.dll+0x1e3d59]
V  [jvm.dll+0x24c0f3]
V  [jvm.dll+0x24b580]
V  [jvm.dll+0x1cb13e]
V  [jvm.dll+0x25b29d]
V  [jvm.dll+0x25982a]
V  [jvm.dll+0x3f7ea6]
V  [jvm.dll+0x85e9ad]
V  [jvm.dll+0x6d565d]
C  [ucrtbase.dll+0x37b0]
C  [KERNEL32.DLL+0x2e8d7]
C  [ntdll.dll+0x8c53c]


---------------  P R O C E S S  ---------------

Threads class SMR info:
_java_thread_list=0x0000028cdca76d00, length=42, elements={
0x0000028cfadaae80, 0x0000028cfad5da50, 0x0000028cd46767b0, 0x0000028cd467a570,
0x0000028cd467d0d0, 0x0000028cd467eed0, 0x0000028cd4684f00, 0x0000028cd468f0e0,
0x0000028cd4694320, 0x0000028cd4890850, 0x0000028cd49e85c0, 0x0000028cd956f2e0,
0x0000028cd97fb010, 0x0000028cd99d0570, 0x0000028cd92a25f0, 0x0000028cd97f28c0,
0x0000028cd9b747c0, 0x0000028cd92743e0, 0x0000028cda3cfab0, 0x0000028cd9fa87c0,
0x0000028cd9fa8e50, 0x0000028cda8a2d00, 0x0000028cd9fa94e0, 0x0000028cd9fa7410,
0x0000028cda00b900, 0x0000028cd9fa6060, 0x0000028cd9fa7aa0, 0x0000028cd9fa6d80,
0x0000028cd9fa8130, 0x0000028cd9fa66f0, 0x0000028cdc0a6350, 0x0000028cdc0a5630,
0x0000028cdc0a69e0, 0x0000028cdc0a4fa0, 0x0000028cdc0a5cc0, 0x0000028cdc0a7070,
0x0000028cdc0a3bf0, 0x0000028cdc0a4280, 0x0000028cdc0a4910, 0x0000028cdcc944c0,
0x0000028cdcc93110, 0x0000028cdcc91040
}

Java Threads: ( => current thread )
  0x0000028cfadaae80 JavaThread "main"                              [_thread_in_vm, id=9124, stack(0x000000d67b700000,0x000000d67b800000) (1024K)]
  0x0000028cfad5da50 JavaThread "Reference Handler"          daemon [_thread_blocked, id=13340, stack(0x000000d67bb00000,0x000000d67bc00000) (1024K)]
  0x0000028cd46767b0 JavaThread "Finalizer"                  daemon [_thread_blocked, id=7352, stack(0x000000d67bc00000,0x000000d67bd00000) (1024K)]
  0x0000028cd467a570 JavaThread "Signal Dispatcher"          daemon [_thread_blocked, id=2684, stack(0x000000d67bd00000,0x000000d67be00000) (1024K)]
  0x0000028cd467d0d0 JavaThread "Attach Listener"            daemon [_thread_blocked, id=21268, stack(0x000000d67be00000,0x000000d67bf00000) (1024K)]
  0x0000028cd467eed0 JavaThread "Service Thread"             daemon [_thread_blocked, id=6404, stack(0x000000d67bf00000,0x000000d67c000000) (1024K)]
  0x0000028cd4684f00 JavaThread "Monitor Deflation Thread"   daemon [_thread_blocked, id=2660, stack(0x000000d67c000000,0x000000d67c100000) (1024K)]
=>0x0000028cd468f0e0 JavaThread "C2 CompilerThread0"         daemon [_thread_in_native, id=21460, stack(0x000000d67c100000,0x000000d67c200000) (1024K)]
  0x0000028cd4694320 JavaThread "C1 CompilerThread0"         daemon [_thread_in_native, id=13580, stack(0x000000d67c200000,0x000000d67c300000) (1024K)]
  0x0000028cd4890850 JavaThread "Common-Cleaner"             daemon [_thread_blocked, id=5540, stack(0x000000d67c300000,0x000000d67c400000) (1024K)]
  0x0000028cd49e85c0 JavaThread "Notification Thread"        daemon [_thread_blocked, id=14640, stack(0x000000d67c400000,0x000000d67c500000) (1024K)]
  0x0000028cd956f2e0 JavaThread "Active Thread: Equinox Container: 2de3b707-76ad-4995-8fbf-62547a84f610"        [_thread_blocked, id=19780, stack(0x000000d67c600000,0x000000d67c700000) (1024K)]
  0x0000028cd97fb010 JavaThread "Refresh Thread: Equinox Container: 2de3b707-76ad-4995-8fbf-62547a84f610" daemon [_thread_blocked, id=22120, stack(0x000000d67cd00000,0x000000d67ce00000) (1024K)]
  0x0000028cd99d0570 JavaThread "Framework Event Dispatcher: Equinox Container: 2de3b707-76ad-4995-8fbf-62547a84f610" daemon [_thread_blocked, id=17532, stack(0x000000d67ce00000,0x000000d67cf00000) (1024K)]
  0x0000028cd92a25f0 JavaThread "Start Level: Equinox Container: 2de3b707-76ad-4995-8fbf-62547a84f610" daemon [_thread_blocked, id=5132, stack(0x000000d67cf00000,0x000000d67d000000) (1024K)]
  0x0000028cd97f28c0 JavaThread "Bundle File Closer"         daemon [_thread_blocked, id=9276, stack(0x000000d67d300000,0x000000d67d400000) (1024K)]
  0x0000028cd9b747c0 JavaThread "SCR Component Actor"        daemon [_thread_blocked, id=16284, stack(0x000000d67d000000,0x000000d67d100000) (1024K)]
  0x0000028cd92743e0 JavaThread "Worker-JM"                         [_thread_blocked, id=13200, stack(0x000000d67d600000,0x000000d67d700000) (1024K)]
  0x0000028cda3cfab0 JavaThread "JNA Cleaner"                daemon [_thread_blocked, id=12852, stack(0x000000d67d500000,0x000000d67d600000) (1024K)]
  0x0000028cd9fa87c0 JavaThread "Worker-0: Updating Maven Dependencies"        [_thread_blocked, id=16672, stack(0x000000d67d700000,0x000000d67d800000) (1024K)]
  0x0000028cd9fa8e50 JavaThread "Worker-1: Loading available Gradle versions"        [_thread_in_vm, id=8948, stack(0x000000d67d800000,0x000000d67d900000) (1024K)]
  0x0000028cda8a2d00 JavaThread "C2 CompilerThread1"         daemon [_thread_in_native, id=16228, stack(0x000000d67d400000,0x000000d67d500000) (1024K)]
  0x0000028cd9fa94e0 JavaThread "Java indexing"              daemon [_thread_blocked, id=22080, stack(0x000000d67d900000,0x000000d67da00000) (1024K)]
  0x0000028cd9fa7410 JavaThread "Worker-2: Repository registry initialization"        [_thread_in_Java, id=12260, stack(0x000000d67da00000,0x000000d67db00000) (1024K)]
  0x0000028cda00b900 JavaThread "C2 CompilerThread2"         daemon [_thread_in_native, id=12728, stack(0x000000d67db00000,0x000000d67dc00000) (1024K)]
  0x0000028cd9fa6060 JavaThread "Worker-3: Initialize After Load"        [_thread_blocked, id=11444, stack(0x000000d67dc00000,0x000000d67dd00000) (1024K)]
  0x0000028cd9fa7aa0 JavaThread "Worker-4"                          [_thread_blocked, id=14460, stack(0x000000d67e000000,0x000000d67e100000) (1024K)]
  0x0000028cd9fa6d80 JavaThread "Worker-5"                          [_thread_blocked, id=18776, stack(0x000000d67e100000,0x000000d67e200000) (1024K)]
  0x0000028cd9fa8130 JavaThread "Thread-1"                   daemon [_thread_in_native, id=22324, stack(0x000000d67e200000,0x000000d67e300000) (1024K)]
  0x0000028cd9fa66f0 JavaThread "Thread-2"                   daemon [_thread_in_native, id=14904, stack(0x000000d67e300000,0x000000d67e400000) (1024K)]
  0x0000028cdc0a6350 JavaThread "Thread-3"                   daemon [_thread_in_native, id=9004, stack(0x000000d67e400000,0x000000d67e500000) (1024K)]
  0x0000028cdc0a5630 JavaThread "Thread-4"                   daemon [_thread_in_native, id=16260, stack(0x000000d67e500000,0x000000d67e600000) (1024K)]
  0x0000028cdc0a69e0 JavaThread "Thread-5"                   daemon [_thread_in_native, id=2104, stack(0x000000d67e600000,0x000000d67e700000) (1024K)]
  0x0000028cdc0a4fa0 JavaThread "Thread-6"                   daemon [_thread_in_native, id=16728, stack(0x000000d67e700000,0x000000d67e800000) (1024K)]
  0x0000028cdc0a5cc0 JavaThread "Thread-7"                   daemon [_thread_in_native, id=21392, stack(0x000000d67e800000,0x000000d67e900000) (1024K)]
  0x0000028cdc0a7070 JavaThread "Thread-8"                   daemon [_thread_in_native, id=19928, stack(0x000000d67e900000,0x000000d67ea00000) (1024K)]
  0x0000028cdc0a3bf0 JavaThread "Thread-9"                   daemon [_thread_in_native, id=7356, stack(0x000000d67ea00000,0x000000d67eb00000) (1024K)]
  0x0000028cdc0a4280 JavaThread "Thread-10"                  daemon [_thread_in_native, id=4200, stack(0x000000d67eb00000,0x000000d67ec00000) (1024K)]
  0x0000028cdc0a4910 JavaThread "Thread-11"                  daemon [_thread_in_native, id=19924, stack(0x000000d67ec00000,0x000000d67ed00000) (1024K)]
  0x0000028cdcc944c0 JavaThread "Thread-12"                  daemon [_thread_in_native, id=3892, stack(0x000000d67ed00000,0x000000d67ee00000) (1024K)]
  0x0000028cdcc93110 JavaThread "Thread-13"                  daemon [_thread_in_native, id=11756, stack(0x000000d67ee00000,0x000000d67ef00000) (1024K)]
  0x0000028cdcc91040 JavaThread "pool-2-thread-1"                   [_thread_blocked, id=10676, stack(0x000000d67ef00000,0x000000d67f000000) (1024K)]
Total: 42

Other Threads:
  0x0000028cfae6ebd0 VMThread "VM Thread"                           [id=15620, stack(0x000000d67ba00000,0x000000d67bb00000) (1024K)]
  0x0000028cfac3ca00 WatcherThread "VM Periodic Task Thread"        [id=9236, stack(0x000000d67b900000,0x000000d67ba00000) (1024K)]
  0x0000028cfadc91d0 WorkerThread "GC Thread#0"                     [id=17940, stack(0x000000d67b800000,0x000000d67b900000) (1024K)]
  0x0000028cd9352dc0 WorkerThread "GC Thread#1"                     [id=9884, stack(0x000000d67c700000,0x000000d67c800000) (1024K)]
  0x0000028cd96ad050 WorkerThread "GC Thread#2"                     [id=19908, stack(0x000000d67c800000,0x000000d67c900000) (1024K)]
  0x0000028cd96ad3f0 WorkerThread "GC Thread#3"                     [id=17328, stack(0x000000d67c900000,0x000000d67ca00000) (1024K)]
  0x0000028cd96ad790 WorkerThread "GC Thread#4"                     [id=4184, stack(0x000000d67ca00000,0x000000d67cb00000) (1024K)]
  0x0000028cd93a8e10 WorkerThread "GC Thread#5"                     [id=12048, stack(0x000000d67cb00000,0x000000d67cc00000) (1024K)]
  0x0000028cd93a91b0 WorkerThread "GC Thread#6"                     [id=17248, stack(0x000000d67cc00000,0x000000d67cd00000) (1024K)]
  0x0000028cd99b7000 WorkerThread "GC Thread#7"                     [id=14408, stack(0x000000d67c500000,0x000000d67c600000) (1024K)]
  0x0000028cd99b5de0 WorkerThread "GC Thread#8"                     [id=10792, stack(0x000000d67d100000,0x000000d67d200000) (1024K)]
  0x0000028cd99b6520 WorkerThread "GC Thread#9"                     [id=2928, stack(0x000000d67d200000,0x000000d67d300000) (1024K)]
Total: 12

Threads with active compile tasks:
C2 CompilerThread0  36666 3977       4       org.lombokweb.asm.ClassReader::readMethod (1070 bytes)
C1 CompilerThread0  36666 4583       2       sun.security.x509.RDN::<init> (85 bytes)
C2 CompilerThread1  36666 4320       4       java.lang.invoke.MethodType::methodType (69 bytes)
C2 CompilerThread2  36667 4203   !   4       org.eclipse.osgi.internal.loader.classpath.ClasspathManager::findClassImpl (328 bytes)
Total: 4

VM state: not at safepoint (normal execution)

VM Mutex/Monitor currently owned by a thread:  ([mutex/lock_event])
[0x00007ffe63a2c070] MethodCompileQueue_lock - owner thread: 0x0000028cd4694320

Heap address: 0x0000000080000000, size: 2048 MB, Compressed Oops mode: 32-bit

CDS archive(s) mapped at: [0x0000028c93000000-0x0000028c93ba0000-0x0000028c93ba0000), size 12189696, SharedBaseAddress: 0x0000028c93000000, ArchiveRelocationMode: 1.
Compressed class space mapped at: 0x0000028c94000000-0x0000028cd4000000, reserved size: 1073741824
Narrow klass base: 0x0000028c93000000, Narrow klass shift: 0, Narrow klass range: 0x100000000

GC Precious Log:
 CardTable entry size: 512
 CPUs: 12 total, 12 available
 Memory: 15693M
 Large Page Support: Disabled
 NUMA Support: Disabled
 Compressed Oops: Enabled (32-bit)
 Alignments: Space 512K, Generation 512K, Heap 2M
 Heap Min Capacity: 100M
 Heap Initial Capacity: 100M
 Heap Max Capacity: 2G
 Pre-touch: Disabled
 Parallel Workers: 10

Heap:
 PSYoungGen      total 24064K, used 14505K [0x00000000d5580000, 0x00000000d7100000, 0x0000000100000000)
  eden space 22016K, 65% used [0x00000000d5580000,0x00000000d63aa7e0,0x00000000d6b00000)
  from space 2048K, 0% used [0x00000000d6e00000,0x00000000d6e00000,0x00000000d7000000)
  to   space 1024K, 0% used [0x00000000d7000000,0x00000000d7000000,0x00000000d7100000)
 ParOldGen       total 68608K, used 18325K [0x0000000080000000, 0x0000000084300000, 0x00000000d5580000)
  object space 68608K, 26% used [0x0000000080000000,0x00000000811e56e0,0x0000000084300000)
 Metaspace       used 35857K, committed 37056K, reserved 1114112K
  class space    used 3744K, committed 4288K, reserved 1048576K

Card table byte_map: [0x0000028cfa750000,0x0000028cfab60000] _byte_map_base: 0x0000028cfa350000

Marking Bits: (ParMarkBitMap*) 0x00007ffe63a32460
 Begin Bits: [0x0000028c8f000000, 0x0000028c91000000)
 End Bits:   [0x0000028c91000000, 0x0000028c93000000)

Polling page: 0x0000028cf8bb0000

Metaspace:

Usage:
  Non-class:     31.36 MB used.
      Class:      3.66 MB used.
       Both:     35.02 MB used.

Virtual space:
  Non-class space:       64.00 MB reserved,      32.00 MB ( 50%) committed,  1 nodes.
      Class space:        1.00 GB reserved,       4.19 MB ( <1%) committed,  1 nodes.
             Both:        1.06 GB reserved,      36.19 MB (  3%) committed. 

Chunk freelists:
   Non-Class:  15.64 MB
       Class:  11.79 MB
        Both:  27.44 MB

MaxMetaspaceSize: unlimited
CompressedClassSpaceSize: 1.00 GB
Initial GC threshold: 21.00 MB
Current GC threshold: 58.38 MB
CDS: on
 - commit_granule_bytes: 65536.
 - commit_granule_words: 8192.
 - virtual_space_node_default_size: 8388608.
 - enlarge_chunks_in_place: 1.
 - use_allocation_guard: 0.


Internal statistics:

num_allocs_failed_limit: 6.
num_arena_births: 774.
num_arena_deaths: 44.
num_vsnodes_births: 2.
num_vsnodes_deaths: 0.
num_space_committed: 579.
num_space_uncommitted: 0.
num_chunks_returned_to_freelist: 58.
num_chunks_taken_from_freelist: 2318.
num_chunk_merges: 12.
num_chunk_splits: 1421.
num_chunks_enlarged: 832.
num_inconsistent_stats: 0.

CodeHeap 'non-profiled nmethods': size=120000Kb used=1694Kb max_used=2074Kb free=118305Kb
 bounds [0x0000028c87ad0000, 0x0000028c87d40000, 0x0000028c8f000000]
CodeHeap 'profiled nmethods': size=120000Kb used=8220Kb max_used=9601Kb free=111779Kb
 bounds [0x0000028c80000000, 0x0000028c80970000, 0x0000028c87530000]
CodeHeap 'non-nmethods': size=5760Kb used=1365Kb max_used=1365Kb free=4394Kb
 bounds [0x0000028c87530000, 0x0000028c877a0000, 0x0000028c87ad0000]
CodeCache: size=245760Kb, used=11279Kb, max_used=13040Kb, free=234478Kb
 total_blobs=4630, nmethods=3968, adapters=568, full_count=0
Compilation: enabled, stopped_count=0, restarted_count=0

Compilation events (20 events):
Event: 36.588 Thread 0x0000028cd4694320 nmethod 4494 0x0000028c87b78e90 code [0x0000028c87b79020, 0x0000028c87b790f0]
Event: 36.588 Thread 0x0000028cd4694320 4500       1       java.lang.Class::getAnnotationType (5 bytes)
Event: 36.588 Thread 0x0000028cd4694320 nmethod 4500 0x0000028c87bbce90 code [0x0000028c87bbd020, 0x0000028c87bbd0e8]
Event: 36.588 Thread 0x0000028cd4694320 4485       1       java.nio.DirectByteBuffer::attachment (5 bytes)
Event: 36.588 Thread 0x0000028cd4694320 nmethod 4485 0x0000028c87ae1010 code [0x0000028c87ae11a0, 0x0000028c87ae1268]
Event: 36.589 Thread 0x0000028cd4694320 4503       3       java.lang.invoke.DelegatingMethodHandle::<init> (10 bytes)
Event: 36.590 Thread 0x0000028cd4694320 nmethod 4503 0x0000028c80235a10 code [0x0000028c80235be0, 0x0000028c80235fa0]
Event: 36.590 Thread 0x0000028cd4694320 4504       3       java.lang.invoke.DelegatingMethodHandle::chooseDelegatingForm (24 bytes)
Event: 36.590 Thread 0x0000028cd4694320 nmethod 4504 0x0000028c800ee990 code [0x0000028c800eeb60, 0x0000028c800eee80]
Event: 36.590 Thread 0x0000028cd4694320 4505       3       java.lang.reflect.Method::isSynthetic (5 bytes)
Event: 36.591 Thread 0x0000028cd4694320 nmethod 4505 0x0000028c800bc190 code [0x0000028c800bc340, 0x0000028c800bc578]
Event: 36.591 Thread 0x0000028cd4694320 4506       3       java.lang.reflect.Executable::isSynthetic (8 bytes)
Event: 36.591 Thread 0x0000028cd4694320 nmethod 4506 0x0000028c800e8210 code [0x0000028c800e83c0, 0x0000028c800e8638]
Event: 36.592 Thread 0x0000028cd4694320 4507       3       java.lang.ClassLoader::createOrGetClassLoaderValueMap (37 bytes)
Event: 36.592 Thread 0x0000028cd4694320 nmethod 4507 0x0000028c8015e910 code [0x0000028c8015eae0, 0x0000028c8015ee40]
Event: 36.593 Thread 0x0000028cd4694320 4508       3       org.codehaus.plexus.util.xml.pull.MXParser::isS (30 bytes)
Event: 36.593 Thread 0x0000028cd4694320 nmethod 4508 0x0000028c800fe690 code [0x0000028c800fe840, 0x0000028c800fea10]
Event: 36.595 Thread 0x0000028cd4694320 4509       3       org.codehaus.plexus.util.xml.pull.MXParser::getText (125 bytes)
Event: 36.596 Thread 0x0000028cd4694320 nmethod 4509 0x0000028c80007590 code [0x0000028c80007780, 0x0000028c80007bf8]
Event: 36.596 Thread 0x0000028cd4694320 4511       3       org.codehaus.plexus.util.xml.pull.MXParser::parseEndTag (438 bytes)

GC Heap History (20 events):
Event: 34.218 GC heap before
{Heap before GC invocations=6 (full 0):
 PSYoungGen      total 29184K, used 29153K [0x00000000d5580000, 0x00000000d7a00000, 0x0000000100000000)
  eden space 25088K, 100% used [0x00000000d5580000,0x00000000d6e00000,0x00000000d6e00000)
  from space 4096K, 99% used [0x00000000d6e80000,0x00000000d72787b0,0x00000000d7280000)
  to   space 6144K, 0% used [0x00000000d7400000,0x00000000d7400000,0x00000000d7a00000)
 ParOldGen       total 68608K, used 8138K [0x0000000080000000, 0x0000000084300000, 0x00000000d5580000)
  object space 68608K, 11% used [0x0000000080000000,0x00000000807f2880,0x0000000084300000)
 Metaspace       used 18702K, committed 19584K, reserved 1114112K
  class space    used 1954K, committed 2304K, reserved 1048576K
}
Event: 34.224 GC heap after
{Heap after GC invocations=6 (full 0):
 PSYoungGen      total 30208K, used 5332K [0x00000000d5580000, 0x00000000d7980000, 0x0000000100000000)
  eden space 24576K, 0% used [0x00000000d5580000,0x00000000d5580000,0x00000000d6d80000)
  from space 5632K, 94% used [0x00000000d7400000,0x00000000d7935328,0x00000000d7980000)
  to   space 5632K, 0% used [0x00000000d6e80000,0x00000000d6e80000,0x00000000d7400000)
 ParOldGen       total 68608K, used 8146K [0x0000000080000000, 0x0000000084300000, 0x00000000d5580000)
  object space 68608K, 11% used [0x0000000080000000,0x00000000807f4880,0x0000000084300000)
 Metaspace       used 18702K, committed 19584K, reserved 1114112K
  class space    used 1954K, committed 2304K, reserved 1048576K
}
Event: 34.672 GC heap before
{Heap before GC invocations=7 (full 0):
 PSYoungGen      total 30208K, used 25408K [0x00000000d5580000, 0x00000000d7980000, 0x0000000100000000)
  eden space 24576K, 81% used [0x00000000d5580000,0x00000000d691af60,0x00000000d6d80000)
  from space 5632K, 94% used [0x00000000d7400000,0x00000000d7935328,0x00000000d7980000)
  to   space 5632K, 0% used [0x00000000d6e80000,0x00000000d6e80000,0x00000000d7400000)
 ParOldGen       total 68608K, used 8146K [0x0000000080000000, 0x0000000084300000, 0x00000000d5580000)
  object space 68608K, 11% used [0x0000000080000000,0x00000000807f4880,0x0000000084300000)
 Metaspace       used 20629K, committed 21504K, reserved 1114112K
  class space    used 2177K, committed 2560K, reserved 1048576K
}
Event: 34.679 GC heap after
{Heap after GC invocations=7 (full 0):
 PSYoungGen      total 29184K, used 4527K [0x00000000d5580000, 0x00000000d7780000, 0x0000000100000000)
  eden space 24576K, 0% used [0x00000000d5580000,0x00000000d5580000,0x00000000d6d80000)
  from space 4608K, 98% used [0x00000000d6e80000,0x00000000d72ebf68,0x00000000d7300000)
  to   space 4608K, 0% used [0x00000000d7300000,0x00000000d7300000,0x00000000d7780000)
 ParOldGen       total 68608K, used 9637K [0x0000000080000000, 0x0000000084300000, 0x00000000d5580000)
  object space 68608K, 14% used [0x0000000080000000,0x00000000809697f8,0x0000000084300000)
 Metaspace       used 20629K, committed 21504K, reserved 1114112K
  class space    used 2177K, committed 2560K, reserved 1048576K
}
Event: 34.679 GC heap before
{Heap before GC invocations=8 (full 1):
 PSYoungGen      total 29184K, used 4527K [0x00000000d5580000, 0x00000000d7780000, 0x0000000100000000)
  eden space 24576K, 0% used [0x00000000d5580000,0x00000000d5580000,0x00000000d6d80000)
  from space 4608K, 98% used [0x00000000d6e80000,0x00000000d72ebf68,0x00000000d7300000)
  to   space 4608K, 0% used [0x00000000d7300000,0x00000000d7300000,0x00000000d7780000)
 ParOldGen       total 68608K, used 9637K [0x0000000080000000, 0x0000000084300000, 0x00000000d5580000)
  object space 68608K, 14% used [0x0000000080000000,0x00000000809697f8,0x0000000084300000)
 Metaspace       used 20629K, committed 21504K, reserved 1114112K
  class space    used 2177K, committed 2560K, reserved 1048576K
}
Event: 34.729 GC heap after
{Heap after GC invocations=8 (full 1):
 PSYoungGen      total 29184K, used 0K [0x00000000d5580000, 0x00000000d7780000, 0x0000000100000000)
  eden space 24576K, 0% used [0x00000000d5580000,0x00000000d5580000,0x00000000d6d80000)
  from space 4608K, 0% used [0x00000000d6e80000,0x00000000d6e80000,0x00000000d7300000)
  to   space 4608K, 0% used [0x00000000d7300000,0x00000000d7300000,0x00000000d7780000)
 ParOldGen       total 68608K, used 13519K [0x0000000080000000, 0x0000000084300000, 0x00000000d5580000)
  object space 68608K, 19% used [0x0000000080000000,0x0000000080d33e10,0x0000000084300000)
 Metaspace       used 20616K, committed 21504K, reserved 1114112K
  class space    used 2174K, committed 2560K, reserved 1048576K
}
Event: 35.050 GC heap before
{Heap before GC invocations=9 (full 1):
 PSYoungGen      total 29184K, used 24576K [0x00000000d5580000, 0x00000000d7780000, 0x0000000100000000)
  eden space 24576K, 100% used [0x00000000d5580000,0x00000000d6d80000,0x00000000d6d80000)
  from space 4608K, 0% used [0x00000000d6e80000,0x00000000d6e80000,0x00000000d7300000)
  to   space 4608K, 0% used [0x00000000d7300000,0x00000000d7300000,0x00000000d7780000)
 ParOldGen       total 68608K, used 13519K [0x0000000080000000, 0x0000000084300000, 0x00000000d5580000)
  object space 68608K, 19% used [0x0000000080000000,0x0000000080d33e10,0x0000000084300000)
 Metaspace       used 23001K, committed 23872K, reserved 1114112K
  class space    used 2345K, committed 2688K, reserved 1048576K
}
Event: 35.052 GC heap after
{Heap after GC invocations=9 (full 1):
 PSYoungGen      total 25600K, used 1132K [0x00000000d5580000, 0x00000000d7480000, 0x0000000100000000)
  eden space 24064K, 0% used [0x00000000d5580000,0x00000000d5580000,0x00000000d6d00000)
  from space 1536K, 73% used [0x00000000d7300000,0x00000000d741b310,0x00000000d7480000)
  to   space 2560K, 0% used [0x00000000d6f80000,0x00000000d6f80000,0x00000000d7200000)
 ParOldGen       total 68608K, used 13519K [0x0000000080000000, 0x0000000084300000, 0x00000000d5580000)
  object space 68608K, 19% used [0x0000000080000000,0x0000000080d33e10,0x0000000084300000)
 Metaspace       used 23001K, committed 23872K, reserved 1114112K
  class space    used 2345K, committed 2688K, reserved 1048576K
}
Event: 35.386 GC heap before
{Heap before GC invocations=10 (full 1):
 PSYoungGen      total 25600K, used 24707K [0x00000000d5580000, 0x00000000d7480000, 0x0000000100000000)
  eden space 24064K, 97% used [0x00000000d5580000,0x00000000d6c85ac8,0x00000000d6d00000)
  from space 1536K, 73% used [0x00000000d7300000,0x00000000d741b310,0x00000000d7480000)
  to   space 2560K, 0% used [0x00000000d6f80000,0x00000000d6f80000,0x00000000d7200000)
 ParOldGen       total 68608K, used 13519K [0x0000000080000000, 0x0000000084300000, 0x00000000d5580000)
  object space 68608K, 19% used [0x0000000080000000,0x0000000080d33e10,0x0000000084300000)
 Metaspace       used 26445K, committed 27264K, reserved 1114112K
  class space    used 2612K, committed 2944K, reserved 1048576K
}
Event: 35.388 GC heap after
{Heap after GC invocations=10 (full 1):
 PSYoungGen      total 25600K, used 1798K [0x00000000d5580000, 0x00000000d7380000, 0x0000000100000000)
  eden space 23552K, 0% used [0x00000000d5580000,0x00000000d5580000,0x00000000d6c80000)
  from space 2048K, 87% used [0x00000000d6f80000,0x00000000d7141be0,0x00000000d7180000)
  to   space 2048K, 0% used [0x00000000d7180000,0x00000000d7180000,0x00000000d7380000)
 ParOldGen       total 68608K, used 13519K [0x0000000080000000, 0x0000000084300000, 0x00000000d5580000)
  object space 68608K, 19% used [0x0000000080000000,0x0000000080d33e10,0x0000000084300000)
 Metaspace       used 26445K, committed 27264K, reserved 1114112K
  class space    used 2612K, committed 2944K, reserved 1048576K
}
Event: 35.790 GC heap before
{Heap before GC invocations=11 (full 1):
 PSYoungGen      total 25600K, used 25350K [0x00000000d5580000, 0x00000000d7380000, 0x0000000100000000)
  eden space 23552K, 100% used [0x00000000d5580000,0x00000000d6c80000,0x00000000d6c80000)
  from space 2048K, 87% used [0x00000000d6f80000,0x00000000d7141be0,0x00000000d7180000)
  to   space 2048K, 0% used [0x00000000d7180000,0x00000000d7180000,0x00000000d7380000)
 ParOldGen       total 68608K, used 13519K [0x0000000080000000, 0x0000000084300000, 0x00000000d5580000)
  object space 68608K, 19% used [0x0000000080000000,0x0000000080d33e10,0x0000000084300000)
 Metaspace       used 28127K, committed 29056K, reserved 1114112K
  class space    used 2753K, committed 3136K, reserved 1048576K
}
Event: 35.793 GC heap after
{Heap after GC invocations=11 (full 1):
 PSYoungGen      total 25088K, used 2033K [0x00000000d5580000, 0x00000000d7380000, 0x0000000100000000)
  eden space 23040K, 0% used [0x00000000d5580000,0x00000000d5580000,0x00000000d6c00000)
  from space 2048K, 99% used [0x00000000d7180000,0x00000000d737c7e0,0x00000000d7380000)
  to   space 2560K, 0% used [0x00000000d6e80000,0x00000000d6e80000,0x00000000d7100000)
 ParOldGen       total 68608K, used 14885K [0x0000000080000000, 0x0000000084300000, 0x00000000d5580000)
  object space 68608K, 21% used [0x0000000080000000,0x0000000080e89478,0x0000000084300000)
 Metaspace       used 28127K, committed 29056K, reserved 1114112K
  class space    used 2753K, committed 3136K, reserved 1048576K
}
Event: 36.220 GC heap before
{Heap before GC invocations=12 (full 1):
 PSYoungGen      total 25088K, used 25070K [0x00000000d5580000, 0x00000000d7380000, 0x0000000100000000)
  eden space 23040K, 99% used [0x00000000d5580000,0x00000000d6bff3c0,0x00000000d6c00000)
  from space 2048K, 99% used [0x00000000d7180000,0x00000000d737c7e0,0x00000000d7380000)
  to   space 2560K, 0% used [0x00000000d6e80000,0x00000000d6e80000,0x00000000d7100000)
 ParOldGen       total 68608K, used 14885K [0x0000000080000000, 0x0000000084300000, 0x00000000d5580000)
  object space 68608K, 21% used [0x0000000080000000,0x0000000080e89478,0x0000000084300000)
 Metaspace       used 31675K, committed 32768K, reserved 1114112K
  class space    used 3182K, committed 3648K, reserved 1048576K
}
Event: 36.223 GC heap after
{Heap after GC invocations=12 (full 1):
 PSYoungGen      total 24064K, used 1197K [0x00000000d5580000, 0x00000000d7200000, 0x0000000100000000)
  eden space 22528K, 0% used [0x00000000d5580000,0x00000000d5580000,0x00000000d6b80000)
  from space 1536K, 77% used [0x00000000d6e80000,0x00000000d6fab460,0x00000000d7000000)
  to   space 1536K, 0% used [0x00000000d7080000,0x00000000d7080000,0x00000000d7200000)
 ParOldGen       total 68608K, used 16734K [0x0000000080000000, 0x0000000084300000, 0x00000000d5580000)
  object space 68608K, 24% used [0x0000000080000000,0x0000000081057b08,0x0000000084300000)
 Metaspace       used 31675K, committed 32768K, reserved 1114112K
  class space    used 3182K, committed 3648K, reserved 1048576K
}
Event: 36.456 GC heap before
{Heap before GC invocations=13 (full 1):
 PSYoungGen      total 24064K, used 23725K [0x00000000d5580000, 0x00000000d7200000, 0x0000000100000000)
  eden space 22528K, 100% used [0x00000000d5580000,0x00000000d6b80000,0x00000000d6b80000)
  from space 1536K, 77% used [0x00000000d6e80000,0x00000000d6fab460,0x00000000d7000000)
  to   space 1536K, 0% used [0x00000000d7080000,0x00000000d7080000,0x00000000d7200000)
 ParOldGen       total 68608K, used 16734K [0x0000000080000000, 0x0000000084300000, 0x00000000d5580000)
  object space 68608K, 24% used [0x0000000080000000,0x0000000081057b08,0x0000000084300000)
 Metaspace       used 34589K, committed 35776K, reserved 1114112K
  class space    used 3569K, committed 4096K, reserved 1048576K
}
Event: 36.459 GC heap after
{Heap after GC invocations=13 (full 1):
 PSYoungGen      total 23552K, used 1529K [0x00000000d5580000, 0x00000000d7200000, 0x0000000100000000)
  eden space 22016K, 0% used [0x00000000d5580000,0x00000000d5580000,0x00000000d6b00000)
  from space 1536K, 99% used [0x00000000d7080000,0x00000000d71fe508,0x00000000d7200000)
  to   space 2048K, 0% used [0x00000000d6e00000,0x00000000d6e00000,0x00000000d7000000)
 ParOldGen       total 68608K, used 17709K [0x0000000080000000, 0x0000000084300000, 0x00000000d5580000)
  object space 68608K, 25% used [0x0000000080000000,0x000000008114b4d8,0x0000000084300000)
 Metaspace       used 34589K, committed 35776K, reserved 1114112K
  class space    used 3569K, committed 4096K, reserved 1048576K
}
Event: 36.472 GC heap before
{Heap before GC invocations=14 (full 1):
 PSYoungGen      total 23552K, used 2552K [0x00000000d5580000, 0x00000000d7200000, 0x0000000100000000)
  eden space 22016K, 4% used [0x00000000d5580000,0x00000000d567fe50,0x00000000d6b00000)
  from space 1536K, 99% used [0x00000000d7080000,0x00000000d71fe508,0x00000000d7200000)
  to   space 2048K, 0% used [0x00000000d6e00000,0x00000000d6e00000,0x00000000d7000000)
 ParOldGen       total 68608K, used 17709K [0x0000000080000000, 0x0000000084300000, 0x00000000d5580000)
  object space 68608K, 25% used [0x0000000080000000,0x000000008114b4d8,0x0000000084300000)
 Metaspace       used 34715K, committed 35840K, reserved 1114112K
  class space    used 3586K, committed 4096K, reserved 1048576K
}
Event: 36.474 GC heap after
{Heap after GC invocations=14 (full 1):
 PSYoungGen      total 24064K, used 352K [0x00000000d5580000, 0x00000000d7100000, 0x0000000100000000)
  eden space 22016K, 0% used [0x00000000d5580000,0x00000000d5580000,0x00000000d6b00000)
  from space 2048K, 17% used [0x00000000d6e00000,0x00000000d6e58000,0x00000000d7000000)
  to   space 1024K, 0% used [0x00000000d7000000,0x00000000d7000000,0x00000000d7100000)
 ParOldGen       total 68608K, used 19079K [0x0000000080000000, 0x0000000084300000, 0x00000000d5580000)
  object space 68608K, 27% used [0x0000000080000000,0x00000000812a1ef8,0x0000000084300000)
 Metaspace       used 34715K, committed 35840K, reserved 1114112K
  class space    used 3586K, committed 4096K, reserved 1048576K
}
Event: 36.474 GC heap before
{Heap before GC invocations=15 (full 2):
 PSYoungGen      total 24064K, used 352K [0x00000000d5580000, 0x00000000d7100000, 0x0000000100000000)
  eden space 22016K, 0% used [0x00000000d5580000,0x00000000d5580000,0x00000000d6b00000)
  from space 2048K, 17% used [0x00000000d6e00000,0x00000000d6e58000,0x00000000d7000000)
  to   space 1024K, 0% used [0x00000000d7000000,0x00000000d7000000,0x00000000d7100000)
 ParOldGen       total 68608K, used 19079K [0x0000000080000000, 0x0000000084300000, 0x00000000d5580000)
  object space 68608K, 27% used [0x0000000080000000,0x00000000812a1ef8,0x0000000084300000)
 Metaspace       used 34715K, committed 35840K, reserved 1114112K
  class space    used 3586K, committed 4096K, reserved 1048576K
}
Event: 36.532 GC heap after
{Heap after GC invocations=15 (full 2):
 PSYoungGen      total 24064K, used 0K [0x00000000d5580000, 0x00000000d7100000, 0x0000000100000000)
  eden space 22016K, 0% used [0x00000000d5580000,0x00000000d5580000,0x00000000d6b00000)
  from space 2048K, 0% used [0x00000000d6e00000,0x00000000d6e00000,0x00000000d7000000)
  to   space 1024K, 0% used [0x00000000d7000000,0x00000000d7000000,0x00000000d7100000)
 ParOldGen       total 68608K, used 18325K [0x0000000080000000, 0x0000000084300000, 0x00000000d5580000)
  object space 68608K, 26% used [0x0000000080000000,0x00000000811e56e0,0x0000000084300000)
 Metaspace       used 34689K, committed 35840K, reserved 1114112K
  class space    used 3578K, committed 4096K, reserved 1048576K
}

Dll operation events (11 events):
Event: 0.019 Loaded shared library c:\Users\nashv\.antigravity\extensions\redhat.java-1.52.0-win32-x64\jre\21.0.9-win32-x86_64\bin\java.dll
Event: 0.153 Loaded shared library c:\Users\nashv\.antigravity\extensions\redhat.java-1.52.0-win32-x64\jre\21.0.9-win32-x86_64\bin\zip.dll
Event: 0.196 Loaded shared library C:\Users\nashv\.antigravity\extensions\redhat.java-1.52.0-win32-x64\jre\21.0.9-win32-x86_64\bin\instrument.dll
Event: 0.206 Loaded shared library C:\Users\nashv\.antigravity\extensions\redhat.java-1.52.0-win32-x64\jre\21.0.9-win32-x86_64\bin\net.dll
Event: 0.211 Loaded shared library C:\Users\nashv\.antigravity\extensions\redhat.java-1.52.0-win32-x64\jre\21.0.9-win32-x86_64\bin\nio.dll
Event: 0.219 Loaded shared library C:\Users\nashv\.antigravity\extensions\redhat.java-1.52.0-win32-x64\jre\21.0.9-win32-x86_64\bin\zip.dll
Event: 0.265 Loaded shared library C:\Users\nashv\.antigravity\extensions\redhat.java-1.52.0-win32-x64\jre\21.0.9-win32-x86_64\bin\jimage.dll
Event: 0.507 Loaded shared library c:\Users\nashv\.antigravity\extensions\redhat.java-1.52.0-win32-x64\jre\21.0.9-win32-x86_64\bin\verify.dll
Event: 16.421 Loaded shared library C:\Users\nashv\AppData\Roaming\Antigravity\User\globalStorage\redhat.java\1.52.0\config_win\org.eclipse.equinox.launcher\org.eclipse.equinox.launcher.win32.win32.x86_64_1.2.1500.v20260121-1430\eclipse_11919.dll
Event: 33.697 Loaded shared library C:\Users\nashv\AppData\Local\Temp\jna-104590894\jna1514431479110926954.dll
Event: 36.338 Loaded shared library C:\Users\nashv\.antigravity\extensions\redhat.java-1.52.0-win32-x64\jre\21.0.9-win32-x86_64\bin\sunmscapi.dll

Deoptimization events (20 events):
Event: 36.357 Thread 0x0000028cd9fa8e50 Uncommon trap: trap_request=0xffffff45 fr.pc=0x0000028c87cbbdb4 relative=0x0000000000000774
Event: 36.357 Thread 0x0000028cd9fa8e50 Uncommon trap: reason=unstable_if action=reinterpret pc=0x0000028c87cbbdb4 method=java.util.HashMap.putVal(ILjava/lang/Object;Ljava/lang/Object;ZZ)Ljava/lang/Object; @ 236 c2
Event: 36.357 Thread 0x0000028cd9fa8e50 DEOPT PACKING pc=0x0000028c87cbbdb4 sp=0x000000d67d8fc0c0
Event: 36.357 Thread 0x0000028cd9fa8e50 DEOPT UNPACKING pc=0x0000028c87583aa2 sp=0x000000d67d8fc038 mode 2
Event: 36.369 Thread 0x0000028cfadaae80 Uncommon trap: trap_request=0xffffff45 fr.pc=0x0000028c87cb922c relative=0x000000000000142c
Event: 36.369 Thread 0x0000028cfadaae80 Uncommon trap: reason=unstable_if action=reinterpret pc=0x0000028c87cb922c method=java.util.Properties.loadConvert([CIILjava/lang/StringBuilder;)Ljava/lang/String; @ 477 c2
Event: 36.369 Thread 0x0000028cfadaae80 DEOPT PACKING pc=0x0000028c87cb922c sp=0x000000d67b7f9a30
Event: 36.369 Thread 0x0000028cfadaae80 DEOPT UNPACKING pc=0x0000028c87583aa2 sp=0x000000d67b7f9a20 mode 2
Event: 36.376 Thread 0x0000028cd9fa8e50 DEOPT PACKING pc=0x0000028c808f0a56 sp=0x000000d67d8fb960
Event: 36.376 Thread 0x0000028cd9fa8e50 DEOPT UNPACKING pc=0x0000028c87584242 sp=0x000000d67d8fae70 mode 0
Event: 36.396 Thread 0x0000028cd9fa7aa0 Uncommon trap: trap_request=0xffffff45 fr.pc=0x0000028c87c274f4 relative=0x0000000000000674
Event: 36.396 Thread 0x0000028cd9fa7aa0 Uncommon trap: reason=unstable_if action=reinterpret pc=0x0000028c87c274f4 method=java.util.Properties$LineReader.readLine()I @ 318 c2
Event: 36.396 Thread 0x0000028cd9fa7aa0 DEOPT PACKING pc=0x0000028c87c274f4 sp=0x000000d67e0fede0
Event: 36.396 Thread 0x0000028cd9fa7aa0 DEOPT UNPACKING pc=0x0000028c87583aa2 sp=0x000000d67e0fed78 mode 2
Event: 36.423 Thread 0x0000028cd9fa7410 Uncommon trap: trap_request=0xffffff45 fr.pc=0x0000028c87b881cc relative=0x000000000000088c
Event: 36.423 Thread 0x0000028cd9fa7410 Uncommon trap: reason=unstable_if action=reinterpret pc=0x0000028c87b881cc method=jdk.internal.org.objectweb.asm.SymbolTable.put(Ljdk/internal/org/objectweb/asm/SymbolTable$Entry;)Ljdk/internal/org/objectweb/asm/SymbolTable$Entry; @ 13 c2
Event: 36.423 Thread 0x0000028cd9fa7410 DEOPT PACKING pc=0x0000028c87b881cc sp=0x000000d67dafd3e0
Event: 36.423 Thread 0x0000028cd9fa7410 DEOPT UNPACKING pc=0x0000028c87583aa2 sp=0x000000d67dafd2f8 mode 2
Event: 36.580 Thread 0x0000028cd9fa8e50 DEOPT PACKING pc=0x0000028c808f0a35 sp=0x000000d67d8fd4a0
Event: 36.580 Thread 0x0000028cd9fa8e50 DEOPT UNPACKING pc=0x0000028c87584242 sp=0x000000d67d8fc9b0 mode 0

Classes loaded (20 events):
Event: 36.589 Loading class javax/net/ssl/TrustManagerFactorySpi
Event: 36.590 Loading class javax/net/ssl/TrustManagerFactorySpi done
Event: 36.590 Loading class sun/security/ssl/TrustManagerFactoryImpl$PKIXFactory
Event: 36.590 Loading class sun/security/ssl/TrustManagerFactoryImpl
Event: 36.591 Loading class sun/security/ssl/TrustManagerFactoryImpl done
Event: 36.591 Loading class sun/security/ssl/TrustManagerFactoryImpl$PKIXFactory done
Event: 36.591 Loading class sun/security/ssl/TrustStoreManager
Event: 36.591 Loading class sun/security/ssl/TrustStoreManager done
Event: 36.591 Loading class sun/security/ssl/TrustStoreManager$TrustAnchorManager
Event: 36.592 Loading class sun/security/ssl/TrustStoreManager$TrustAnchorManager done
Event: 36.592 Loading class sun/security/ssl/TrustStoreManager$TrustStoreDescriptor
Event: 36.592 Loading class sun/security/ssl/TrustStoreManager$TrustStoreDescriptor done
Event: 36.592 Loading class sun/security/util/FilePaths
Event: 36.592 Loading class sun/security/util/FilePaths done
Event: 36.592 Loading class sun/security/ssl/TrustStoreManager$TrustStoreDescriptor$1
Event: 36.593 Loading class sun/security/ssl/TrustStoreManager$TrustStoreDescriptor$1 done
Event: 36.593 Loading class java/security/KeyStore
Event: 36.594 Loading class java/security/KeyStore done
Event: 36.595 Loading class jdk/internal/vm/annotation/IntrinsicCandidate
Event: 36.595 Loading class jdk/internal/vm/annotation/IntrinsicCandidate done

Classes unloaded (20 events):
Event: 34.687 Thread 0x0000028cfae6ebd0 Unloading class 0x0000028c941a4400 'java/lang/invoke/LambdaForm$MH+0x0000028c941a4400'
Event: 34.687 Thread 0x0000028cfae6ebd0 Unloading class 0x0000028c941a4000 'java/lang/invoke/LambdaForm$MH+0x0000028c941a4000'
Event: 34.687 Thread 0x0000028cfae6ebd0 Unloading class 0x0000028c941a3c00 'java/lang/invoke/LambdaForm$BMH+0x0000028c941a3c00'
Event: 34.687 Thread 0x0000028cfae6ebd0 Unloading class 0x0000028c941a3800 'java/lang/invoke/LambdaForm$DMH+0x0000028c941a3800'
Event: 34.687 Thread 0x0000028cfae6ebd0 Unloading class 0x0000028c941a2400 'java/lang/invoke/LambdaForm$DMH+0x0000028c941a2400'
Event: 36.484 Thread 0x0000028cfae6ebd0 Unloading class 0x0000028c94322c00 'java/lang/invoke/LambdaForm$MH+0x0000028c94322c00'
Event: 36.484 Thread 0x0000028cfae6ebd0 Unloading class 0x0000028c94322000 'java/lang/invoke/LambdaForm$MH+0x0000028c94322000'
Event: 36.484 Thread 0x0000028cfae6ebd0 Unloading class 0x0000028c94321800 'java/lang/invoke/LambdaForm$MH+0x0000028c94321800'
Event: 36.484 Thread 0x0000028cfae6ebd0 Unloading class 0x0000028c94321000 'java/lang/invoke/LambdaForm$MH+0x0000028c94321000'
Event: 36.484 Thread 0x0000028cfae6ebd0 Unloading class 0x0000028c94320c00 'java/lang/invoke/LambdaForm$DMH+0x0000028c94320c00'
Event: 36.484 Thread 0x0000028cfae6ebd0 Unloading class 0x0000028c94320000 'java/lang/invoke/LambdaForm$MH+0x0000028c94320000'
Event: 36.484 Thread 0x0000028cfae6ebd0 Unloading class 0x0000028c9431c000 'java/lang/invoke/LambdaForm$MH+0x0000028c9431c000'
Event: 36.484 Thread 0x0000028cfae6ebd0 Unloading class 0x0000028c9431b800 'java/lang/invoke/LambdaForm$MH+0x0000028c9431b800'
Event: 36.484 Thread 0x0000028cfae6ebd0 Unloading class 0x0000028c9431b000 'java/lang/invoke/LambdaForm$MH+0x0000028c9431b000'
Event: 36.484 Thread 0x0000028cfae6ebd0 Unloading class 0x0000028c9431a800 'java/lang/invoke/LambdaForm$MH+0x0000028c9431a800'
Event: 36.484 Thread 0x0000028cfae6ebd0 Unloading class 0x0000028c9431a000 'java/lang/invoke/LambdaForm$MH+0x0000028c9431a000'
Event: 36.484 Thread 0x0000028cfae6ebd0 Unloading class 0x0000028c94319800 'java/lang/invoke/LambdaForm$MH+0x0000028c94319800'
Event: 36.484 Thread 0x0000028cfae6ebd0 Unloading class 0x0000028c94319000 'java/lang/invoke/LambdaForm$MH+0x0000028c94319000'
Event: 36.484 Thread 0x0000028cfae6ebd0 Unloading class 0x0000028c94318c00 'java/lang/invoke/LambdaForm$MH+0x0000028c94318c00'
Event: 36.484 Thread 0x0000028cfae6ebd0 Unloading class 0x0000028c94318400 'java/lang/invoke/LambdaForm$DMH+0x0000028c94318400'

Classes redefined (0 events):
No events

Internal exceptions (20 events):
Event: 35.805 Thread 0x0000028cd9fa87c0 Exception <a 'java/lang/NoSuchMethodError'{0x00000000d564c290}: 'int java.lang.invoke.DirectMethodHandle$Holder.invokeStatic(java.lang.Object, long)'> (0x00000000d564c290) 
thrown [s\src\hotspot\share\interpreter\linkResolver.cpp, line 773]
Event: 35.811 Thread 0x0000028cd9fa7410 Exception <a 'java/lang/NoSuchMethodError'{0x00000000d56a1ed0}: 'int java.lang.invoke.Invokers$Holder.linkToTargetMethod(java.lang.Object, java.lang.Object)'> (0x00000000d56a1ed0) 
thrown [s\src\hotspot\share\interpreter\linkResolver.cpp, line 773]
Event: 35.812 Thread 0x0000028cd9fa87c0 Exception <a 'java/lang/NoSuchMethodError'{0x00000000d56a9c80}: 'int java.lang.invoke.Invokers$Holder.linkToTargetMethod(java.lang.Object, java.lang.Object)'> (0x00000000d56a9c80) 
thrown [s\src\hotspot\share\interpreter\linkResolver.cpp, line 773]
Event: 35.814 Thread 0x0000028cd9fa87c0 Exception <a 'java/lang/NoSuchMethodError'{0x00000000d56b4f28}: 'int java.lang.invoke.DirectMethodHandle$Holder.invokeSpecial(java.lang.Object, java.lang.Object, java.lang.Object, java.lang.Object)'> (0x00000000d56b4f28) 
thrown [s\src\hotspot\share\interpreter\linkResolver.cpp, line 773]
Event: 35.817 Thread 0x0000028cd9fa87c0 Exception <a 'java/lang/NoSuchMethodError'{0x00000000d56d97f8}: 'java.lang.Object java.lang.invoke.DirectMethodHandle$Holder.invokeStatic(java.lang.Object, int, java.lang.Object, java.lang.Object)'> (0x00000000d56d97f8) 
thrown [s\src\hotspot\share\interpreter\linkResolver.cpp, line 773]
Event: 35.817 Thread 0x0000028cd9fa87c0 Exception <a 'java/lang/NoSuchMethodError'{0x00000000d56e6f50}: 'java.lang.Object java.lang.invoke.DelegatingMethodHandle$Holder.delegate(java.lang.Object, int, java.lang.Object, java.lang.Object)'> (0x00000000d56e6f50) 
thrown [s\src\hotspot\share\interpreter\linkResolver.cpp, line 773]
Event: 35.822 Thread 0x0000028cd9fa87c0 Exception <a 'java/lang/NoSuchMethodError'{0x00000000d5770118}: 'int java.lang.invoke.Invokers$Holder.linkToTargetMethod(java.lang.Object, java.lang.Object, java.lang.Object)'> (0x00000000d5770118) 
thrown [s\src\hotspot\share\interpreter\linkResolver.cpp, line 773]
Event: 35.884 Thread 0x0000028cd9fa7410 Exception <a 'java/lang/NoSuchMethodError'{0x00000000d59f34c0}: 'java.lang.Object java.lang.invoke.DirectMethodHandle$Holder.invokeSpecialIFC(java.lang.Object, java.lang.Object, java.lang.Object, java.lang.Object)'> (0x00000000d59f34c0) 
thrown [s\src\hotspot\share\interpreter\linkResolver.cpp, line 773]
Event: 35.967 Thread 0x0000028cd92a25f0 Exception <a 'java/lang/ClassNotFoundException'{0x00000000d5eb6228}: com/sun/org/apache/xml/internal/serializer/spi/XMLEntitiesProvider> (0x00000000d5eb6228) 
thrown [s\src\hotspot\share\classfile\systemDictionary.cpp, line 312]
Event: 36.147 Thread 0x0000028cd92a25f0 Exception <a 'java/io/FileNotFoundException'{0x00000000d680cff0}> (0x00000000d680cff0) 
thrown [s\src\hotspot\share\prims\jni.cpp, line 520]
Event: 36.194 Thread 0x0000028cd92a25f0 Exception <a 'java/lang/UnsatisfiedLinkError'{0x00000000d6a69900}: The specified procedure could not be found.
> (0x00000000d6a69900) 
thrown [s\src\hotspot\share\prims\jni.cpp, line 539]
Event: 36.202 Thread 0x0000028cd92a25f0 Exception <a 'java/io/FileNotFoundException'{0x00000000d6a81758}> (0x00000000d6a81758) 
thrown [s\src\hotspot\share\prims\jni.cpp, line 520]
Event: 36.217 Thread 0x0000028cd92a25f0 Exception <a 'java/io/FileNotFoundException'{0x00000000d6b7e088}> (0x00000000d6b7e088) 
thrown [s\src\hotspot\share\prims\jni.cpp, line 520]
Event: 36.230 Thread 0x0000028cd92a25f0 Exception <a 'java/lang/UnsatisfiedLinkError'{0x00000000d55a0a58}: The specified procedure could not be found.
> (0x00000000d55a0a58) 
thrown [s\src\hotspot\share\prims\jni.cpp, line 539]
Event: 36.383 Thread 0x0000028cd9fa8e50 Exception <a 'sun/nio/fs/WindowsException'{0x00000000d63cce28}> (0x00000000d63cce28) 
thrown [s\src\hotspot\share\prims\jni.cpp, line 520]
Event: 36.416 Thread 0x0000028cfadaae80 Exception <a 'java/lang/NoSuchMethodError'{0x00000000d6735600}: 'java.lang.Object java.lang.invoke.DirectMethodHandle$Holder.invokeStatic(java.lang.Object, long, java.lang.Object)'> (0x00000000d6735600) 
thrown [s\src\hotspot\share\interpreter\linkResolver.cpp, line 773]
Event: 36.417 Thread 0x0000028cfadaae80 Exception <a 'java/lang/NoSuchMethodError'{0x00000000d6755148}: 'java.lang.Object java.lang.invoke.DirectMethodHandle$Holder.invokeStaticInit(java.lang.Object, long, java.lang.Object)'> (0x00000000d6755148) 
thrown [s\src\hotspot\share\interpreter\linkResolver.cpp, line 773]
Event: 36.418 Thread 0x0000028cfadaae80 Exception <a 'java/lang/NoSuchMethodError'{0x00000000d67694e0}: 'java.lang.Object java.lang.invoke.DirectMethodHandle$Holder.newInvokeSpecial(java.lang.Object, long)'> (0x00000000d67694e0) 
thrown [s\src\hotspot\share\interpreter\linkResolver.cpp, line 773]
Event: 36.452 Thread 0x0000028cd9fa6060 Exception <a 'java/io/FileNotFoundException'{0x00000000d6af3110}> (0x00000000d6af3110) 
thrown [s\src\hotspot\share\prims\jni.cpp, line 520]
Event: 36.553 Thread 0x0000028cd9fa7410 Exception <a 'java/lang/NoClassDefFoundError'{0x00000000d56f5f88}: javax/enterprise/inject/Typed> (0x00000000d56f5f88) 
thrown [s\src\hotspot\share\classfile\systemDictionary.cpp, line 301]

ZGC Phase Switch (0 events):
No events

VM Operations (20 events):
Event: 35.386 Executing VM operation: ParallelGCFailedAllocation (Allocation Failure)
Event: 35.388 Executing VM operation: ParallelGCFailedAllocation (Allocation Failure) done
Event: 35.788 Executing VM operation: HandshakeAllThreads (Deoptimize)
Event: 35.788 Executing VM operation: HandshakeAllThreads (Deoptimize) done
Event: 35.790 Executing VM operation: ParallelGCFailedAllocation (Allocation Failure)
Event: 35.793 Executing VM operation: ParallelGCFailedAllocation (Allocation Failure) done
Event: 35.821 Executing VM operation: HandshakeAllThreads (Deoptimize)
Event: 35.821 Executing VM operation: HandshakeAllThreads (Deoptimize) done
Event: 36.014 Executing VM operation: HandshakeAllThreads (Deoptimize)
Event: 36.014 Executing VM operation: HandshakeAllThreads (Deoptimize) done
Event: 36.219 Executing VM operation: ParallelGCFailedAllocation (Allocation Failure)
Event: 36.224 Executing VM operation: ParallelGCFailedAllocation (Allocation Failure) done
Event: 36.331 Executing VM operation: HandshakeAllThreads (Deoptimize)
Event: 36.331 Executing VM operation: HandshakeAllThreads (Deoptimize) done
Event: 36.456 Executing VM operation: ParallelGCFailedAllocation (Allocation Failure)
Event: 36.459 Executing VM operation: ParallelGCFailedAllocation (Allocation Failure) done
Event: 36.469 Executing VM operation: HandshakeAllThreads (Deoptimize)
Event: 36.470 Executing VM operation: HandshakeAllThreads (Deoptimize) done
Event: 36.472 Executing VM operation: CollectForMetadataAllocation (Metadata GC Threshold)
Event: 36.532 Executing VM operation: CollectForMetadataAllocation (Metadata GC Threshold) done

Memory protections (0 events):
No events

Nmethod flushes (20 events):
Event: 36.501 Thread 0x0000028cfae6ebd0 flushing  nmethod 0x0000028c8069ce10
Event: 36.501 Thread 0x0000028cfae6ebd0 flushing  nmethod 0x0000028c8069d710
Event: 36.501 Thread 0x0000028cfae6ebd0 flushing  nmethod 0x0000028c8069e910
Event: 36.501 Thread 0x0000028cfae6ebd0 flushing  nmethod 0x0000028c806a0410
Event: 36.501 Thread 0x0000028cfae6ebd0 flushing  nmethod 0x0000028c806a0b90
Event: 36.501 Thread 0x0000028cfae6ebd0 flushing  nmethod 0x0000028c806a2110
Event: 36.501 Thread 0x0000028cfae6ebd0 flushing  nmethod 0x0000028c806a3090
Event: 36.501 Thread 0x0000028cfae6ebd0 flushing  nmethod 0x0000028c806a3e90
Event: 36.501 Thread 0x0000028cfae6ebd0 flushing  nmethod 0x0000028c806a4b90
Event: 36.501 Thread 0x0000028cfae6ebd0 flushing  nmethod 0x0000028c806a5810
Event: 36.501 Thread 0x0000028cfae6ebd0 flushing  nmethod 0x0000028c806a6c10
Event: 36.501 Thread 0x0000028cfae6ebd0 flushing  nmethod 0x0000028c806a7410
Event: 36.501 Thread 0x0000028cfae6ebd0 flushing  nmethod 0x0000028c806c8f90
Event: 36.501 Thread 0x0000028cfae6ebd0 flushing  nmethod 0x0000028c806d3810
Event: 36.501 Thread 0x0000028cfae6ebd0 flushing  nmethod 0x0000028c806e1d90
Event: 36.501 Thread 0x0000028cfae6ebd0 flushing  nmethod 0x0000028c806e4d10
Event: 36.501 Thread 0x0000028cfae6ebd0 flushing  nmethod 0x0000028c806ec990
Event: 36.501 Thread 0x0000028cfae6ebd0 flushing  nmethod 0x0000028c80733790
Event: 36.501 Thread 0x0000028cfae6ebd0 flushing  nmethod 0x0000028c80750c90
Event: 36.501 Thread 0x0000028cfae6ebd0 flushing  nmethod 0x0000028c80762190

Events (20 events):
Event: 35.753 Thread 0x0000028cd92a25f0 Thread added: 0x0000028cd9fa94e0
Event: 35.754 Thread 0x0000028cd9fa87c0 Thread added: 0x0000028cd9fa7410
Event: 35.783 Thread 0x0000028cd4694320 Thread added: 0x0000028cda00b900
Event: 36.017 Thread 0x0000028cd9fa8e50 Thread added: 0x0000028cd9fa6060
Event: 36.285 Thread 0x0000028cd9fa8e50 Thread added: 0x0000028cd9fa7aa0
Event: 36.370 Thread 0x0000028cd9fa7aa0 Thread added: 0x0000028cd9fa6d80
Event: 36.435 Thread 0x0000028cfadaae80 Thread added: 0x0000028cd9fa8130
Event: 36.435 Thread 0x0000028cfadaae80 Thread added: 0x0000028cd9fa66f0
Event: 36.436 Thread 0x0000028cfadaae80 Thread added: 0x0000028cdc0a6350
Event: 36.436 Thread 0x0000028cfadaae80 Thread added: 0x0000028cdc0a5630
Event: 36.436 Thread 0x0000028cfadaae80 Thread added: 0x0000028cdc0a69e0
Event: 36.436 Thread 0x0000028cfadaae80 Thread added: 0x0000028cdc0a4fa0
Event: 36.436 Thread 0x0000028cfadaae80 Thread added: 0x0000028cdc0a5cc0
Event: 36.436 Thread 0x0000028cfadaae80 Thread added: 0x0000028cdc0a7070
Event: 36.436 Thread 0x0000028cfadaae80 Thread added: 0x0000028cdc0a3bf0
Event: 36.438 Thread 0x0000028cfadaae80 Thread added: 0x0000028cdc0a4280
Event: 36.438 Thread 0x0000028cfadaae80 Thread added: 0x0000028cdc0a4910
Event: 36.439 Thread 0x0000028cfadaae80 Thread added: 0x0000028cdcc944c0
Event: 36.439 Thread 0x0000028cfadaae80 Thread added: 0x0000028cdcc93110
Event: 36.533 Thread 0x0000028cfadaae80 Thread added: 0x0000028cdcc91040


Dynamic libraries:
0x00007ff6f2b00000 - 0x00007ff6f2b0e000 	c:\Users\nashv\.antigravity\extensions\redhat.java-1.52.0-win32-x64\jre\21.0.9-win32-x86_64\bin\java.exe
0x00007ffed7c20000 - 0x00007ffed7e87000 	C:\WINDOWS\SYSTEM32\ntdll.dll
0x00007ffed6f70000 - 0x00007ffed7039000 	C:\WINDOWS\System32\KERNEL32.DLL
0x00007ffed4fa0000 - 0x00007ffed538f000 	C:\WINDOWS\System32\KERNELBASE.dll
0x00007ffed5540000 - 0x00007ffed568b000 	C:\WINDOWS\System32\ucrtbase.dll
0x00007ffea08e0000 - 0x00007ffea08fe000 	c:\Users\nashv\.antigravity\extensions\redhat.java-1.52.0-win32-x64\jre\21.0.9-win32-x86_64\bin\VCRUNTIME140.dll
0x00007ffea0010000 - 0x00007ffea0028000 	c:\Users\nashv\.antigravity\extensions\redhat.java-1.52.0-win32-x64\jre\21.0.9-win32-x86_64\bin\jli.dll
0x00007ffed5a70000 - 0x00007ffed5c35000 	C:\WINDOWS\System32\USER32.dll
0x00007ffed53a0000 - 0x00007ffed53c7000 	C:\WINDOWS\System32\win32u.dll
0x00007ffeba660000 - 0x00007ffeba8f3000 	C:\WINDOWS\WinSxS\amd64_microsoft.windows.common-controls_6595b64144ccf1df_6.0.26100.7309_none_3e05feeae336a044\COMCTL32.dll
0x00007ffed5cb0000 - 0x00007ffed5cdb000 	C:\WINDOWS\System32\GDI32.dll
0x00007ffed7130000 - 0x00007ffed71d9000 	C:\WINDOWS\System32\msvcrt.dll
0x00007ffed5750000 - 0x00007ffed587c000 	C:\WINDOWS\System32\gdi32full.dll
0x00007ffed4ef0000 - 0x00007ffed4f93000 	C:\WINDOWS\System32\msvcp_win.dll
0x00007ffed7360000 - 0x00007ffed7391000 	C:\WINDOWS\System32\IMM32.DLL
0x00007ffebf1b0000 - 0x00007ffebf1bc000 	c:\Users\nashv\.antigravity\extensions\redhat.java-1.52.0-win32-x64\jre\21.0.9-win32-x86_64\bin\vcruntime140_1.dll
0x00007ffe76c80000 - 0x00007ffe76d0d000 	c:\Users\nashv\.antigravity\extensions\redhat.java-1.52.0-win32-x64\jre\21.0.9-win32-x86_64\bin\msvcp140.dll
0x00007ffe62d70000 - 0x00007ffe63b10000 	c:\Users\nashv\.antigravity\extensions\redhat.java-1.52.0-win32-x64\jre\21.0.9-win32-x86_64\bin\server\jvm.dll
0x00007ffed79b0000 - 0x00007ffed7a64000 	C:\WINDOWS\System32\ADVAPI32.dll
0x00007ffed59c0000 - 0x00007ffed5a66000 	C:\WINDOWS\System32\sechost.dll
0x00007ffed5d90000 - 0x00007ffed5ea8000 	C:\WINDOWS\System32\RPCRT4.dll
0x00007ffed7040000 - 0x00007ffed70b4000 	C:\WINDOWS\System32\WS2_32.dll
0x00007ffed4bd0000 - 0x00007ffed4c2e000 	C:\WINDOWS\SYSTEM32\POWRPROF.dll
0x00007ffecdd70000 - 0x00007ffecdda5000 	C:\WINDOWS\SYSTEM32\WINMM.dll
0x00007ffecddb0000 - 0x00007ffecddbb000 	C:\WINDOWS\SYSTEM32\VERSION.dll
0x00007ffed4bb0000 - 0x00007ffed4bc4000 	C:\WINDOWS\SYSTEM32\UMPDC.dll
0x00007ffed3a40000 - 0x00007ffed3a5b000 	C:\WINDOWS\SYSTEM32\kernel.appcore.dll
0x00007ffebd6d0000 - 0x00007ffebd6da000 	c:\Users\nashv\.antigravity\extensions\redhat.java-1.52.0-win32-x64\jre\21.0.9-win32-x86_64\bin\jimage.dll
0x00007ffec90e0000 - 0x00007ffec9322000 	C:\WINDOWS\SYSTEM32\DBGHELP.DLL
0x00007ffed7530000 - 0x00007ffed78b6000 	C:\WINDOWS\System32\combase.dll
0x00007ffed6250000 - 0x00007ffed6326000 	C:\WINDOWS\System32\OLEAUT32.dll
0x00007ffeb9160000 - 0x00007ffeb919c000 	C:\WINDOWS\SYSTEM32\dbgcore.DLL
0x00007ffed5910000 - 0x00007ffed59b5000 	C:\WINDOWS\System32\bcryptPrimitives.dll
0x00007ffebca00000 - 0x00007ffebca0f000 	c:\Users\nashv\.antigravity\extensions\redhat.java-1.52.0-win32-x64\jre\21.0.9-win32-x86_64\bin\instrument.dll
0x00007ffeab440000 - 0x00007ffeab460000 	c:\Users\nashv\.antigravity\extensions\redhat.java-1.52.0-win32-x64\jre\21.0.9-win32-x86_64\bin\java.dll
0x00007ffed6330000 - 0x00007ffed6a83000 	C:\WINDOWS\System32\SHELL32.dll
0x00007ffed53d0000 - 0x00007ffed553a000 	C:\WINDOWS\System32\wintypes.dll
0x00007ffed2930000 - 0x00007ffed318e000 	C:\WINDOWS\SYSTEM32\windows.storage.dll
0x00007ffed71e0000 - 0x00007ffed72d5000 	C:\WINDOWS\System32\SHCORE.dll
0x00007ffed70c0000 - 0x00007ffed7126000 	C:\WINDOWS\System32\shlwapi.dll
0x00007ffed4c90000 - 0x00007ffed4cb9000 	C:\WINDOWS\SYSTEM32\profapi.dll
0x00007ffea8540000 - 0x00007ffea8558000 	c:\Users\nashv\.antigravity\extensions\redhat.java-1.52.0-win32-x64\jre\21.0.9-win32-x86_64\bin\zip.dll
0x00007ffeb28e0000 - 0x00007ffeb28f0000 	C:\Users\nashv\.antigravity\extensions\redhat.java-1.52.0-win32-x64\jre\21.0.9-win32-x86_64\bin\net.dll
0x00007ffecb830000 - 0x00007ffecb958000 	C:\WINDOWS\SYSTEM32\WINHTTP.dll
0x00007ffed4030000 - 0x00007ffed409b000 	C:\WINDOWS\system32\mswsock.dll
0x00007ffea7570000 - 0x00007ffea7586000 	C:\Users\nashv\.antigravity\extensions\redhat.java-1.52.0-win32-x64\jre\21.0.9-win32-x86_64\bin\nio.dll
0x00007ffecebc0000 - 0x00007ffecebd0000 	c:\Users\nashv\.antigravity\extensions\redhat.java-1.52.0-win32-x64\jre\21.0.9-win32-x86_64\bin\verify.dll
0x00007ffea9260000 - 0x00007ffea92a5000 	C:\Users\nashv\AppData\Roaming\Antigravity\User\globalStorage\redhat.java\1.52.0\config_win\org.eclipse.equinox.launcher\org.eclipse.equinox.launcher.win32.win32.x86_64_1.2.1500.v20260121-1430\eclipse_11919.dll
0x00007ffed6090000 - 0x00007ffed6227000 	C:\WINDOWS\System32\ole32.dll
0x00007ffed4420000 - 0x00007ffed443b000 	C:\WINDOWS\SYSTEM32\CRYPTSP.dll
0x00007ffed3a60000 - 0x00007ffed3a9a000 	C:\WINDOWS\system32\rsaenh.dll
0x00007ffed40e0000 - 0x00007ffed410b000 	C:\WINDOWS\SYSTEM32\USERENV.dll
0x00007ffed4c60000 - 0x00007ffed4c8a000 	C:\WINDOWS\SYSTEM32\bcrypt.dll
0x00007ffed4280000 - 0x00007ffed428c000 	C:\WINDOWS\SYSTEM32\CRYPTBASE.dll
0x00007ffed34d0000 - 0x00007ffed3504000 	C:\WINDOWS\SYSTEM32\IPHLPAPI.DLL
0x00007ffed73a0000 - 0x00007ffed73aa000 	C:\WINDOWS\System32\NSI.dll
0x00007ffe8d1e0000 - 0x00007ffe8d229000 	C:\Users\nashv\AppData\Local\Temp\jna-104590894\jna1514431479110926954.dll
0x00007ffed5ca0000 - 0x00007ffed5ca8000 	C:\WINDOWS\System32\PSAPI.DLL
0x00007ffecdac0000 - 0x00007ffecdade000 	C:\WINDOWS\SYSTEM32\dhcpcsvc6.DLL
0x00007ffecda50000 - 0x00007ffecda73000 	C:\WINDOWS\SYSTEM32\dhcpcsvc.DLL
0x00007ffeaec60000 - 0x00007ffeaec6e000 	C:\Users\nashv\.antigravity\extensions\redhat.java-1.52.0-win32-x64\jre\21.0.9-win32-x86_64\bin\sunmscapi.dll
0x00007ffed4d70000 - 0x00007ffed4ee7000 	C:\WINDOWS\System32\CRYPT32.dll
0x00007ffed4570000 - 0x00007ffed45a0000 	C:\WINDOWS\SYSTEM32\ncrypt.dll
0x00007ffed4520000 - 0x00007ffed455f000 	C:\WINDOWS\SYSTEM32\NTASN1.dll

JVMTI agents:
c:\Users\nashv\.antigravity\extensions\redhat.java-1.52.0-win32-x64\lombok\lombok-1.18.39-4050.jar path:c:\Users\nashv\.antigravity\extensions\redhat.java-1.52.0-win32-x64\jre\21.0.9-win32-x86_64\bin\instrument.dll, loaded, initialized, instrumentlib options:none

dbghelp: loaded successfully - version: 4.0.5 - missing functions: none
symbol engine: initialized successfully - sym options: 0x614 - pdb path: .;c:\Users\nashv\.antigravity\extensions\redhat.java-1.52.0-win32-x64\jre\21.0.9-win32-x86_64\bin;C:\WINDOWS\SYSTEM32;C:\WINDOWS\WinSxS\amd64_microsoft.windows.common-controls_6595b64144ccf1df_6.0.26100.7309_none_3e05feeae336a044;c:\Users\nashv\.antigravity\extensions\redhat.java-1.52.0-win32-x64\jre\21.0.9-win32-x86_64\bin\server;C:\Users\nashv\AppData\Roaming\Antigravity\User\globalStorage\redhat.java\1.52.0\config_win\org.eclipse.equinox.launcher\org.eclipse.equinox.launcher.win32.win32.x86_64_1.2.1500.v20260121-1430;C:\Users\nashv\AppData\Local\Temp\jna-104590894

VM Arguments:
jvm_args: --add-modules=ALL-SYSTEM --add-opens=java.base/java.util=ALL-UNNAMED --add-opens=java.base/java.lang=ALL-UNNAMED --add-opens=java.base/sun.nio.fs=ALL-UNNAMED -Declipse.application=org.eclipse.jdt.ls.core.id1 -Dosgi.bundles.defaultStartLevel=4 -Declipse.product=org.eclipse.jdt.ls.core.product -Djava.import.generatesMetadataFilesAtProjectRoot=false -DDetectVMInstallationsJob.disabled=true -Dfile.encoding=utf8 -XX:+UseParallelGC -XX:GCTimeRatio=4 -XX:AdaptiveSizePolicyWeight=90 -Dsun.zip.disableMemoryMapping=true -Xmx2G -Xms100m -Xlog:disable -javaagent:c:\Users\nashv\.antigravity\extensions\redhat.java-1.52.0-win32-x64\lombok\lombok-1.18.39-4050.jar -XX:+HeapDumpOnOutOfMemoryError -XX:HeapDumpPath=c:\Users\nashv\AppData\Roaming\Antigravity\User\workspaceStorage\bc95f31115c2f8c965d9af6a4be9b36b\redhat.java -Daether.dependencyCollector.impl=bf 
java_command: c:\Users\nashv\.antigravity\extensions\redhat.java-1.52.0-win32-x64\server\plugins\org.eclipse.equinox.launcher_1.7.100.v20251111-0406.jar -configuration c:\Users\nashv\AppData\Roaming\Antigravity\User\globalStorage\redhat.java\1.52.0\config_win -data c:\Users\nashv\AppData\Roaming\Antigravity\User\workspaceStorage\bc95f31115c2f8c965d9af6a4be9b36b\redhat.java\jdt_ws --pipe=\\.\pipe\lsp-88367befebd53ec4272d36e0fdd9b131-sock
java_class_path (initial): c:\Users\nashv\.antigravity\extensions\redhat.java-1.52.0-win32-x64\server\plugins\org.eclipse.equinox.launcher_1.7.100.v20251111-0406.jar
Launcher Type: SUN_STANDARD

[Global flags]
    uintx AdaptiveSizePolicyWeight                 = 90                                        {product} {command line}
     intx CICompilerCount                          = 4                                         {product} {ergonomic}
    uintx GCTimeRatio                              = 4                                         {product} {command line}
     bool HeapDumpOnOutOfMemoryError               = true                                   {manageable} {command line}
    ccstr HeapDumpPath                             = c:\Users\nashv\AppData\Roaming\Antigravity\User\workspaceStorage\bc95f31115c2f8c965d9af6a4be9b36b\redhat.java         {manageable} {command line}
   size_t InitialHeapSize                          = 104857600                                 {product} {command line}
   size_t MaxHeapSize                              = 2147483648                                {product} {command line}
   size_t MaxNewSize                               = 715653120                                 {product} {ergonomic}
   size_t MinHeapDeltaBytes                        = 524288                                    {product} {ergonomic}
   size_t MinHeapSize                              = 104857600                                 {product} {command line}
   size_t NewSize                                  = 34603008                                  {product} {ergonomic}
    uintx NonNMethodCodeHeapSize                   = 5839372                                {pd product} {ergonomic}
    uintx NonProfiledCodeHeapSize                  = 122909434                              {pd product} {ergonomic}
   size_t OldSize                                  = 70254592                                  {product} {ergonomic}
    uintx ProfiledCodeHeapSize                     = 122909434                              {pd product} {ergonomic}
    uintx ReservedCodeCacheSize                    = 251658240                              {pd product} {ergonomic}
     bool SegmentedCodeCache                       = true                                      {product} {ergonomic}
   size_t SoftMaxHeapSize                          = 2147483648                             {manageable} {ergonomic}
     bool UseCompressedOops                        = true                           {product lp64_product} {ergonomic}
     bool UseLargePagesIndividualAllocation        = false                                  {pd product} {ergonomic}
     bool UseParallelGC                            = true                                      {product} {command line}

Logging:
Log output configuration:
 #0: stdout all=off uptime,level,tags foldmultilines=false
 #1: stderr all=off uptime,level,tags foldmultilines=false

Release file:
JAVA_VERSION="21.0.9" 
MODULES="java.base java.compiler java.datatransfer java.xml java.prefs java.desktop java.instrument java.logging java.management java.security.sasl java.naming java.rmi java.management.rmi java.net.http java.scripting java.security.jgss java.transaction.xa java.sql java.sql.rowset java.xml.crypto java.se java.smartcardio jdk.accessibility jdk.internal.jvmstat jdk.attach jdk.charsets jdk.internal.opt jdk.zipfs jdk.compiler jdk.crypto.ec jdk.crypto.cryptoki jdk.crypto.mscapi jdk.dynalink jdk.internal.ed jdk.editpad jdk.hotspot.agent jdk.httpserver jdk.internal.le jdk.internal.vm.ci jdk.internal.vm.compiler jdk.internal.vm.compiler.management jdk.jartool jdk.javadoc jdk.jcmd jdk.management jdk.management.agent jdk.jconsole jdk.jdeps jdk.jdwp.agent jdk.jdi jdk.jfr jdk.jshell jdk.jsobject jdk.jstatd jdk.localedata jdk.management.jfr jdk.naming.dns jdk.naming.rmi jdk.net jdk.nio.mapmode jdk.random jdk.sctp jdk.security.auth jdk.security.jgss jdk.unsupported jdk.unsupported.desktop jdk.xml.dom" 

Environment Variables:
JAVA_HOME=C:\Program Files\Android\Android Studio\jbr
PATH=C:\WINDOWS\system32;C:\WINDOWS;C:\WINDOWS\System32\Wbem;C:\WINDOWS\System32\WindowsPowerShell\v1.0\;C:\WINDOWS\System32\OpenSSH\;C:\MinGW\bin;C:\Users\nashv\AppData\Local\Microsoft\WindowsApps;C:\Users\nashv\AppData\Local\Programs\Microsoft VS Code\bin;C:\flutter\bin;C:\Users\nashv\AppData\Local\Programs\Antigravity\bin;C:\Users\nashv\AppData\Local\Android\sdk;C:\Users\nashv\AppData\Local\Android\Sdk\platform-tools;C:\Program Files\Android\Android Studio\jbr\bin;
USERNAME=nashv
OS=Windows_NT
PROCESSOR_IDENTIFIER=AMD64 Family 23 Model 104 Stepping 1, AuthenticAMD
TMP=C:\Users\nashv\AppData\Local\Temp
TEMP=C:\Users\nashv\AppData\Local\Temp




Periodic native trim disabled

---------------  S Y S T E M  ---------------

OS:
 Windows 11 , 64 bit Build 26100 (10.0.26100.7623)
OS uptime: 2 days 0:43 hours
Hyper-V role detected

CPU: total 12 (initial active 12) (12 cores per cpu, 2 threads per core) family 23 model 104 stepping 1 microcode 0x8608107, cx8, cmov, fxsr, ht, mmx, 3dnowpref, sse, sse2, sse3, ssse3, sse4a, sse4.1, sse4.2, popcnt, lzcnt, tsc, tscinvbit, avx, avx2, aes, clmul, bmi1, bmi2, adx, sha, fma, vzeroupper, clflush, clflushopt, hv, rdtscp, rdpid, f16c
Processor Information for processor 0
  Max Mhz: 2100, Current Mhz: 1893, Mhz Limit: 2100
Processor Information for processor 1
  Max Mhz: 2100, Current Mhz: 1893, Mhz Limit: 2100
Processor Information for processor 2
  Max Mhz: 2100, Current Mhz: 1813, Mhz Limit: 2100
Processor Information for processor 3
  Max Mhz: 2100, Current Mhz: 1893, Mhz Limit: 2100
Processor Information for processor 4
  Max Mhz: 2100, Current Mhz: 1893, Mhz Limit: 2100
Processor Information for processor 5
  Max Mhz: 2100, Current Mhz: 1893, Mhz Limit: 2100
Processor Information for processor 6
  Max Mhz: 2100, Current Mhz: 1893, Mhz Limit: 2100
Processor Information for processor 7
  Max Mhz: 2100, Current Mhz: 1893, Mhz Limit: 2100
Processor Information for processor 8
  Max Mhz: 2100, Current Mhz: 1893, Mhz Limit: 2100
Processor Information for processor 9
  Max Mhz: 2100, Current Mhz: 1893, Mhz Limit: 2100
Processor Information for processor 10
  Max Mhz: 2100, Current Mhz: 1893, Mhz Limit: 2100
Processor Information for processor 11
  Max Mhz: 2100, Current Mhz: 1893, Mhz Limit: 2100

Memory: 4k page, system-wide physical 15693M (1785M free)
TotalPageFile size 17064M (AvailPageFile size 6M)
current process WorkingSet (physical memory assigned to process): 214M, peak: 215M
current process commit charge ("private bytes"): 344M, peak: 345M

vm_info: OpenJDK 64-Bit Server VM (21.0.9+10-LTS) for windows-amd64 JRE (21.0.9+10-LTS), built on 2025-10-21T00:00:00Z by "admin" with unknown MS VC++:1942

END.
