#
# There is insufficient memory for the Java Runtime Environment to continue.
# Native memory allocation (mmap) failed to map 65536 bytes. Error detail: Failed to commit metaspace.
# Possible reasons:
#   The system is out of physical RAM or swap space
#   This process is running with CompressedOops enabled, and the Java Heap may be blocking the growth of the native heap
# Possible solutions:
#   Reduce memory load on the system
#   Increase physical memory or swap space
#   Check if swap backing store is full
#   Decrease Java heap size (-Xmx/-Xms)
#   Decrease number of Java threads
#   Decrease Java thread stack sizes (-Xss)
#   Set larger code cache with -XX:ReservedCodeCacheSize=
#   JVM is running with Zero Based Compressed Oops mode in which the Java heap is
#     placed in the first 32GB address space. The Java Heap base address is the
#     maximum limit for the native heap growth. Please use -XX:HeapBaseMinAddress
#     to set the Java Heap base and to place the Java Heap above 32GB virtual address.
# This output file may be truncated or incomplete.
#
#  Out of Memory Error (virtualSpaceNode.cpp:113), pid=9372, tid=19856
#
# JRE version: OpenJDK Runtime Environment (21.0.8) (build 21.0.8+-14196175-b1038.72)
# Java VM: OpenJDK 64-Bit Server VM (21.0.8+-14196175-b1038.72, mixed mode, tiered, compressed oops, compressed class ptrs, g1 gc, windows-amd64)
# No core dump will be written. Minidumps are not enabled by default on client versions of Windows
#

---------------  S U M M A R Y ------------

Command Line: -Dorg.gradle.appname=gradlew org.gradle.wrapper.GradleWrapperMain -q -Ptarget-platform=android-arm64 -Ptarget=C:\flutter_project\mini29-main\lib\main.dart -Pbase-application-name=android.app.Application -Pdart-defines=RkxVVFRFUl9WRVJTSU9OPTMuMzguNQ==,RkxVVFRFUl9DSEFOTkVMPXN0YWJsZQ==,RkxVVFRFUl9HSVRfVVJMPWh0dHBzOi8vZ2l0aHViLmNvbS9mbHV0dGVyL2ZsdXR0ZXIuZ2l0,RkxVVFRFUl9GUkFNRVdPUktfUkVWSVNJT049ZjZmZjE1MjlmZA==,RkxVVFRFUl9FTkdJTkVfUkVWSVNJT049MTUyN2FlMGVjNQ==,RkxVVFRFUl9EQVJUX1ZFUlNJT049My4xMC40 -Pdart-obfuscation=false -Ptrack-widget-creation=true -Ptree-shake-icons=false -Pfilesystem-scheme=org-dartlang-root assembleDebug

Host: AMD Ryzen 5 5500U with Radeon Graphics         , 12 cores, 15G,  Windows 11 , 64 bit Build 26100 (10.0.26100.7623)
Time: Sat Mar  7 14:20:26 2026 India Standard Time elapsed time: 0.300288 seconds (0d 0h 0m 0s)

---------------  T H R E A D  ---------------

Current thread (0x0000027b797c5e80):  JavaThread "main"             [_thread_in_vm, id=19856, stack(0x000000ab87400000,0x000000ab87500000) (1024K)]

Stack: [0x000000ab87400000,0x000000ab87500000]
Native frames: (J=compiled Java code, j=interpreted, Vv=VM code, C=native code)
V  [jvm.dll+0x6d68d9]
V  [jvm.dll+0x866693]
V  [jvm.dll+0x868c4e]
V  [jvm.dll+0x869333]
V  [jvm.dll+0x280566]
V  [jvm.dll+0x86155e]
V  [jvm.dll+0x679fd5]
V  [jvm.dll+0x67a03a]
V  [jvm.dll+0x67c896]
V  [jvm.dll+0x67c762]
V  [jvm.dll+0x67a9ce]
V  [jvm.dll+0x26c480]
V  [jvm.dll+0x216dcb]
V  [jvm.dll+0x20c21a]
V  [jvm.dll+0x5b72a5]
V  [jvm.dll+0x21dcec]
V  [jvm.dll+0x7ddccc]
V  [jvm.dll+0x7ded62]
V  [jvm.dll+0x7df552]
V  [jvm.dll+0x21766c]
V  [jvm.dll+0x20c233]
V  [jvm.dll+0x5b72a5]
V  [jvm.dll+0x21dcec]
V  [jvm.dll+0x7ddccc]
V  [jvm.dll+0x7ded62]
V  [jvm.dll+0x7df324]
V  [jvm.dll+0x7defb8]
V  [jvm.dll+0x26eadb]
V  [jvm.dll+0x3da32a]
C  0x0000027b0753ea81

The last pc belongs to ldc (printed below).
Java frames: (J=compiled Java code, j=interpreted, Vv=VM code)
j  java.lang.invoke.BoundMethodHandle$Specializer.<clinit>()V+24 java.base@21.0.8
v  ~StubRoutines::call_stub 0x0000027b0753100d
j  java.lang.invoke.BoundMethodHandle.<clinit>()V+16 java.base@21.0.8
v  ~StubRoutines::call_stub 0x0000027b0753100d
j  jdk.internal.misc.Unsafe.ensureClassInitialized0(Ljava/lang/Class;)V+0 java.base@21.0.8
j  jdk.internal.misc.Unsafe.ensureClassInitialized(Ljava/lang/Class;)V+14 java.base@21.0.8
j  java.lang.invoke.LambdaForm.createFormsFor(Ljava/lang/invoke/LambdaForm$BasicType;)V+6 java.base@21.0.8
j  java.lang.invoke.LambdaForm.identityForm(Ljava/lang/invoke/LambdaForm$BasicType;)Ljava/lang/invoke/LambdaForm;+18 java.base@21.0.8
j  java.lang.invoke.MethodHandles.makeIdentity(Ljava/lang/Class;)Ljava/lang/invoke/MethodHandle;+10 java.base@21.0.8
j  java.lang.invoke.MethodHandles.identity(Ljava/lang/Class;)Ljava/lang/invoke/MethodHandle;+41 java.base@21.0.8
j  java.lang.invoke.MethodHandles.constant(Ljava/lang/Class;Ljava/lang/Object;)Ljava/lang/invoke/MethodHandle;+80 java.base@21.0.8
j  java.lang.invoke.InnerClassLambdaMetafactory.buildCallSite()Ljava/lang/invoke/CallSite;+103 java.base@21.0.8
j  java.lang.invoke.LambdaMetafactory.metafactory(Ljava/lang/invoke/MethodHandles$Lookup;Ljava/lang/String;Ljava/lang/invoke/MethodType;Ljava/lang/invoke/MethodType;Ljava/lang/invoke/MethodHandle;Ljava/lang/invoke/MethodType;)Ljava/lang/invoke/CallSite;+67 java.base@21.0.8
j  java.lang.invoke.DirectMethodHandle$Holder.invokeStatic(Ljava/lang/Object;Ljava/lang/Object;Ljava/lang/Object;Ljava/lang/Object;Ljava/lang/Object;Ljava/lang/Object;Ljava/lang/Object;)Ljava/lang/Object;+20 java.base@21.0.8
j  java.lang.invoke.Invokers$Holder.invokeExact_MT(Ljava/lang/Object;Ljava/lang/Object;Ljava/lang/Object;Ljava/lang/Object;Ljava/lang/Object;Ljava/lang/Object;Ljava/lang/Object;Ljava/lang/Object;)Ljava/lang/Object;+28 java.base@21.0.8
j  java.lang.invoke.BootstrapMethodInvoker.invoke(Ljava/lang/Class;Ljava/lang/invoke/MethodHandle;Ljava/lang/String;Ljava/lang/Object;Ljava/lang/Object;Ljava/lang/Class;)Ljava/lang/Object;+319 java.base@21.0.8
j  java.lang.invoke.CallSite.makeSite(Ljava/lang/invoke/MethodHandle;Ljava/lang/String;Ljava/lang/invoke/MethodType;Ljava/lang/Object;Ljava/lang/Class;)Ljava/lang/invoke/CallSite;+8 java.base@21.0.8
j  java.lang.invoke.MethodHandleNatives.linkCallSiteImpl(Ljava/lang/Class;Ljava/lang/invoke/MethodHandle;Ljava/lang/String;Ljava/lang/invoke/MethodType;Ljava/lang/Object;[Ljava/lang/Object;)Ljava/lang/invoke/MemberName;+6 java.base@21.0.8
j  java.lang.invoke.MethodHandleNatives.linkCallSite(Ljava/lang/Object;Ljava/lang/Object;Ljava/lang/Object;Ljava/lang/Object;Ljava/lang/Object;[Ljava/lang/Object;)Ljava/lang/invoke/MemberName;+45 java.base@21.0.8
v  ~StubRoutines::call_stub 0x0000027b0753100d
j  java.util.regex.Pattern.ALL()Ljava/util/regex/Pattern$CharPredicate;+0 java.base@21.0.8
j  java.util.regex.Pattern.sequence(Ljava/util/regex/Pattern$Node;)Ljava/util/regex/Pattern$Node;+478 java.base@21.0.8
j  java.util.regex.Pattern.expr(Ljava/util/regex/Pattern$Node;)Ljava/util/regex/Pattern$Node;+12 java.base@21.0.8
j  java.util.regex.Pattern.compile()V+222 java.base@21.0.8
j  java.util.regex.Pattern.<init>(Ljava/lang/String;I)V+108 java.base@21.0.8
j  java.util.regex.Pattern.compile(Ljava/lang/String;)Ljava/util/regex/Pattern;+6 java.base@21.0.8
j  java.util.regex.Pattern.matches(Ljava/lang/String;Ljava/lang/CharSequence;)Z+1 java.base@21.0.8
j  java.lang.String.matches(Ljava/lang/String;)Z+2 java.base@21.0.8
j  org.gradle.cli.CommandLineParser$ParserState.isOption(Ljava/lang/String;)Z+3
j  org.gradle.cli.CommandLineParser$OptionAwareParserState.maybeStartOption(Ljava/lang/String;)Z+2
j  org.gradle.cli.CommandLineParser.parse(Ljava/lang/Iterable;)Lorg/gradle/cli/ParsedCommandLine;+68
j  org.gradle.cli.CommandLineParser.parse([Ljava/lang/String;)Lorg/gradle/cli/ParsedCommandLine;+5
j  org.gradle.wrapper.GradleWrapperMain.main([Ljava/lang/String;)V+91
v  ~StubRoutines::call_stub 0x0000027b0753100d
ldc  18 ldc  [0x0000027b0753e9e0, 0x0000027b0753ec88]  680 bytes
[MachCode]
  0x0000027b0753e9e0: 4883 ec08 | c5fa 1104 | 24eb 1f48 | 83ec 10c5 | fb11 0424 | eb14 4883 | ec10 4889 | 0424 48c7 
  0x0000027b0753ea00: 4424 0800 | 0000 00eb | 0150 410f | b65d 0148 | 8b4d e848 | 8b49 0848 | 8b49 0848 | 8b41 080f 
  0x0000027b0753ea20: b654 1804 | 83fa 6474 | 0e83 fa67 | 7409 83fa | 070f 85bd | 0000 00ba | 0000 0000 | e805 0000 
  0x0000027b0753ea40: 00e9 a800 | 0000 488d | 4424 084c | 896d c049 | 8bcf c5f8 | 7749 89af | a803 0000 | 4989 8798 
  0x0000027b0753ea60: 0300 0048 | 83ec 2040 | f6c4 0f0f | 8419 0000 | 0048 83ec | 0848 b810 | a215 71fe | 7f00 00ff 
  0x0000027b0753ea80: d048 83c4 | 08e9 0c00 | 0000 48b8 | 10a2 1571 | fe7f 0000 | ffd0 4883 | c420 49c7 | 8798 0300 
  0x0000027b0753eaa0: 0000 0000 | 0049 c787 | a803 0000 | 0000 0000 | 49c7 87a0 | 0300 0000 | 0000 00c5 | f877 4983 
  0x0000027b0753eac0: 7f08 000f | 8405 0000 | 00e9 3224 | ffff 498b | 87f0 0300 | 0049 c787 | f003 0000 | 0000 0000 
  0x0000027b0753eae0: 4c8b 6dc0 | 4c8b 75c8 | 4e8d 74f5 | 00c3 50e9 | 7c01 0000 | 83fa 0475 | 14c5 fa10 | 44d9 4848 
  0x0000027b0753eb00: 83ec 08c5 | fa11 0424 | e963 0100 | 0083 fa03 | 750a 8b44 | d948 50e9 | 5401 0000 | ba12 0000 
  0x0000027b0753eb20: 00e8 0500 | 0000 e9a8 | 0000 0048 | 8d44 2408 | 4c89 6dc0 | 498b cfc5 | f877 4989 | afa8 0300 
  0x0000027b0753eb40: 0049 8987 | 9803 0000 | 4883 ec20 | 40f6 c40f | 0f84 1900 | 0000 4883 | ec08 48b8 | a0c7 1571 
  0x0000027b0753eb60: fe7f 0000 | ffd0 4883 | c408 e90c | 0000 0048 | b8a0 c715 | 71fe 7f00 | 00ff d048 | 83c4 2049 
  0x0000027b0753eb80: c787 9803 | 0000 0000 | 0000 49c7 | 87a8 0300 | 0000 0000 | 0049 c787 | a003 0000 | 0000 0000 
  0x0000027b0753eba0: c5f8 7749 | 837f 0800 | 0f84 0500 | 0000 e94d | 23ff ff49 | 8b87 f003 | 0000 49c7 | 87f0 0300 
  0x0000027b0753ebc0: 0000 0000 | 004c 8b6d | c04c 8b75 | c84e 8d74 | f500 c349 | 8b8f f803 | 0000 49c7 | 87f8 0300 
  0x0000027b0753ebe0: 0000 0000 | 008b d981 | e3ff ff00 | 00c1 e91c | 83e1 0f83 | f904 7509 | 8b04 1850 | e96f 0000 
  0x0000027b0753ec00: 0083 f906 | 7513 c5fa | 1004 1848 | 83ec 08c5 | fa11 0424 | e957 0000 | 0083 f903 | 750a 0fbf 
  0x0000027b0753ec20: 0418 50e9 | 4800 0000 | 83f9 0075 | 0a0f be04 | 1850 e939 | 0000 0083 | f902 750a | 0fb7 0418 
  0x0000027b0753ec40: 50e9 2a00 | 0000 83f9 | 0175 0a0f | be04 1850 | e91b 0000 | 0048 b988 | 8976 71fe | 7f00 0048 
  0x0000027b0753ec60: 83e4 f048 | b810 cd3a | 71fe 7f00 | 00ff d0f4 | 410f b65d | 0249 83c5 | 0249 bab0 | cd94 71fe 
  0x0000027b0753ec80: 7f00 0041 | ff24 da90 
[/MachCode]

---------------  P R O C E S S  ---------------

Threads class SMR info:
_java_thread_list=0x0000027b1a238bd0, length=11, elements={
0x0000027b797c5e80, 0x0000027b797c4440, 0x0000027b797c4ad0, 0x0000027b797c5160,
0x0000027b797c57f0, 0x0000027b797c2a00, 0x0000027b797c3090, 0x0000027b797c3db0,
0x0000027b1a0ba480, 0x0000027b1a0be540, 0x0000027b797c3720
}

Java Threads: ( => current thread )
=>0x0000027b797c5e80 JavaThread "main"                              [_thread_in_vm, id=19856, stack(0x000000ab87400000,0x000000ab87500000) (1024K)]
  0x0000027b797c4440 JavaThread "Common-Cleaner"             daemon [_thread_blocked, id=2808, stack(0x000000ab87c00000,0x000000ab87d00000) (1024K)]
  0x0000027b797c4ad0 JavaThread "Reference Handler"          daemon [_thread_blocked, id=13824, stack(0x000000ab87d00000,0x000000ab87e00000) (1024K)]
  0x0000027b797c5160 JavaThread "Finalizer"                  daemon [_thread_blocked, id=11608, stack(0x000000ab87e00000,0x000000ab87f00000) (1024K)]
  0x0000027b797c57f0 JavaThread "Signal Dispatcher"          daemon [_thread_blocked, id=2696, stack(0x000000ab87f00000,0x000000ab88000000) (1024K)]
  0x0000027b797c2a00 JavaThread "Attach Listener"            daemon [_thread_blocked, id=7384, stack(0x000000ab88000000,0x000000ab88100000) (1024K)]
  0x0000027b797c3090 JavaThread "Service Thread"             daemon [_thread_blocked, id=6340, stack(0x000000ab88100000,0x000000ab88200000) (1024K)]
  0x0000027b797c3db0 JavaThread "Monitor Deflation Thread"   daemon [_thread_blocked, id=2340, stack(0x000000ab88200000,0x000000ab88300000) (1024K)]
  0x0000027b1a0ba480 JavaThread "C2 CompilerThread0"         daemon [_thread_blocked, id=16044, stack(0x000000ab88300000,0x000000ab88400000) (1024K)]
  0x0000027b1a0be540 JavaThread "C1 CompilerThread0"         daemon [_thread_blocked, id=15184, stack(0x000000ab88400000,0x000000ab88500000) (1024K)]
  0x0000027b797c3720 JavaThread "Notification Thread"        daemon [_thread_blocked, id=16032, stack(0x000000ab88500000,0x000000ab88600000) (1024K)]
Total: 11

Other Threads:
  0x0000027b15b2c8d0 VMThread "VM Thread"                           [id=3288, stack(0x000000ab87b00000,0x000000ab87c00000) (1024K)]
  0x0000027b15ad1a30 WatcherThread "VM Periodic Task Thread"        [id=19740, stack(0x000000ab87a00000,0x000000ab87b00000) (1024K)]
  0x0000027b79ce3180 WorkerThread "GC Thread#0"                     [id=12528, stack(0x000000ab87500000,0x000000ab87600000) (1024K)]
  0x0000027b79cf5790 ConcurrentGCThread "G1 Main Marker"            [id=14132, stack(0x000000ab87600000,0x000000ab87700000) (1024K)]
  0x0000027b79cf8260 WorkerThread "G1 Conc#0"                       [id=1064, stack(0x000000ab87700000,0x000000ab87800000) (1024K)]
  0x0000027b159a6e30 ConcurrentGCThread "G1 Refine#0"               [id=21876, stack(0x000000ab87800000,0x000000ab87900000) (1024K)]
  0x0000027b159a7650 ConcurrentGCThread "G1 Service"                [id=22352, stack(0x000000ab87900000,0x000000ab87a00000) (1024K)]
Total: 7

Threads with active compile tasks:
Total: 0

VM state: not at safepoint (normal execution)

VM Mutex/Monitor currently owned by a thread:  ([mutex/lock_event])
[0x00007ffe71936438] Metaspace_lock - owner thread: 0x0000027b797c5e80

Heap address: 0x000000070ac00000, size: 3924 MB, Compressed Oops mode: Zero based, Oop shift amount: 3

CDS archive(s) not mapped
Compressed class space mapped at: 0x0000000800000000-0x0000000840000000, reserved size: 1073741824
Narrow klass base: 0x0000000800000000, Narrow klass shift: 0, Narrow klass range: 0x40000000

GC Precious Log:
 CardTable entry size: 512
 Card Set container configuration: InlinePtr #cards 4 size 8 Array Of Cards #cards 16 size 48 Howl #buckets 8 coarsen threshold 3686 Howl Bitmap #cards 512 size 80 coarsen threshold 460 Card regions per heap region 1 cards per card region 4096
 CPUs: 12 total, 12 available
 Memory: 15693M
 Large Page Support: Disabled
 NUMA Support: Disabled
 Compressed Oops: Enabled (Zero based)
 Heap Region Size: 2M
 Heap Min Capacity: 8M
 Heap Initial Capacity: 246M
 Heap Max Capacity: 3924M
 Pre-touch: Disabled
 Parallel Workers: 10
 Concurrent Workers: 3
 Concurrent Refinement Workers: 10
 Periodic GC: Disabled

Heap:
 garbage-first heap   total 251904K, used 2048K [0x000000070ac00000, 0x0000000800000000)
  region size 2048K, 2 young (4096K), 0 survivors (0K)
 Metaspace       used 6327K, committed 6400K, reserved 1114112K
  class space    used 573K, committed 640K, reserved 1048576K

Heap Regions: E=young(eden), S=young(survivor), O=old, HS=humongous(starts), HC=humongous(continues), CS=collection set, F=free, TAMS=top-at-mark-start, PB=parsable bottom
|   0|0x000000070ac00000, 0x000000070ac00000, 0x000000070ae00000|  0%| F|  |TAMS 0x000000070ac00000| PB 0x000000070ac00000| Untracked 
|   1|0x000000070ae00000, 0x000000070ae00000, 0x000000070b000000|  0%| F|  |TAMS 0x000000070ae00000| PB 0x000000070ae00000| Untracked 
|   2|0x000000070b000000, 0x000000070b000000, 0x000000070b200000|  0%| F|  |TAMS 0x000000070b000000| PB 0x000000070b000000| Untracked 
|   3|0x000000070b200000, 0x000000070b200000, 0x000000070b400000|  0%| F|  |TAMS 0x000000070b200000| PB 0x000000070b200000| Untracked 
|   4|0x000000070b400000, 0x000000070b400000, 0x000000070b600000|  0%| F|  |TAMS 0x000000070b400000| PB 0x000000070b400000| Untracked 
|   5|0x000000070b600000, 0x000000070b600000, 0x000000070b800000|  0%| F|  |TAMS 0x000000070b600000| PB 0x000000070b600000| Untracked 
|   6|0x000000070b800000, 0x000000070b800000, 0x000000070ba00000|  0%| F|  |TAMS 0x000000070b800000| PB 0x000000070b800000| Untracked 
|   7|0x000000070ba00000, 0x000000070ba00000, 0x000000070bc00000|  0%| F|  |TAMS 0x000000070ba00000| PB 0x000000070ba00000| Untracked 
|   8|0x000000070bc00000, 0x000000070bc00000, 0x000000070be00000|  0%| F|  |TAMS 0x000000070bc00000| PB 0x000000070bc00000| Untracked 
|   9|0x000000070be00000, 0x000000070be00000, 0x000000070c000000|  0%| F|  |TAMS 0x000000070be00000| PB 0x000000070be00000| Untracked 
|  10|0x000000070c000000, 0x000000070c000000, 0x000000070c200000|  0%| F|  |TAMS 0x000000070c000000| PB 0x000000070c000000| Untracked 
|  11|0x000000070c200000, 0x000000070c200000, 0x000000070c400000|  0%| F|  |TAMS 0x000000070c200000| PB 0x000000070c200000| Untracked 
|  12|0x000000070c400000, 0x000000070c400000, 0x000000070c600000|  0%| F|  |TAMS 0x000000070c400000| PB 0x000000070c400000| Untracked 
|  13|0x000000070c600000, 0x000000070c600000, 0x000000070c800000|  0%| F|  |TAMS 0x000000070c600000| PB 0x000000070c600000| Untracked 
|  14|0x000000070c800000, 0x000000070c800000, 0x000000070ca00000|  0%| F|  |TAMS 0x000000070c800000| PB 0x000000070c800000| Untracked 
|  15|0x000000070ca00000, 0x000000070ca00000, 0x000000070cc00000|  0%| F|  |TAMS 0x000000070ca00000| PB 0x000000070ca00000| Untracked 
|  16|0x000000070cc00000, 0x000000070cc00000, 0x000000070ce00000|  0%| F|  |TAMS 0x000000070cc00000| PB 0x000000070cc00000| Untracked 
|  17|0x000000070ce00000, 0x000000070ce00000, 0x000000070d000000|  0%| F|  |TAMS 0x000000070ce00000| PB 0x000000070ce00000| Untracked 
|  18|0x000000070d000000, 0x000000070d000000, 0x000000070d200000|  0%| F|  |TAMS 0x000000070d000000| PB 0x000000070d000000| Untracked 
|  19|0x000000070d200000, 0x000000070d200000, 0x000000070d400000|  0%| F|  |TAMS 0x000000070d200000| PB 0x000000070d200000| Untracked 
|  20|0x000000070d400000, 0x000000070d400000, 0x000000070d600000|  0%| F|  |TAMS 0x000000070d400000| PB 0x000000070d400000| Untracked 
|  21|0x000000070d600000, 0x000000070d600000, 0x000000070d800000|  0%| F|  |TAMS 0x000000070d600000| PB 0x000000070d600000| Untracked 
|  22|0x000000070d800000, 0x000000070d800000, 0x000000070da00000|  0%| F|  |TAMS 0x000000070d800000| PB 0x000000070d800000| Untracked 
|  23|0x000000070da00000, 0x000000070da00000, 0x000000070dc00000|  0%| F|  |TAMS 0x000000070da00000| PB 0x000000070da00000| Untracked 
|  24|0x000000070dc00000, 0x000000070dc00000, 0x000000070de00000|  0%| F|  |TAMS 0x000000070dc00000| PB 0x000000070dc00000| Untracked 
|  25|0x000000070de00000, 0x000000070de00000, 0x000000070e000000|  0%| F|  |TAMS 0x000000070de00000| PB 0x000000070de00000| Untracked 
|  26|0x000000070e000000, 0x000000070e000000, 0x000000070e200000|  0%| F|  |TAMS 0x000000070e000000| PB 0x000000070e000000| Untracked 
|  27|0x000000070e200000, 0x000000070e200000, 0x000000070e400000|  0%| F|  |TAMS 0x000000070e200000| PB 0x000000070e200000| Untracked 
|  28|0x000000070e400000, 0x000000070e400000, 0x000000070e600000|  0%| F|  |TAMS 0x000000070e400000| PB 0x000000070e400000| Untracked 
|  29|0x000000070e600000, 0x000000070e600000, 0x000000070e800000|  0%| F|  |TAMS 0x000000070e600000| PB 0x000000070e600000| Untracked 
|  30|0x000000070e800000, 0x000000070e800000, 0x000000070ea00000|  0%| F|  |TAMS 0x000000070e800000| PB 0x000000070e800000| Untracked 
|  31|0x000000070ea00000, 0x000000070ea00000, 0x000000070ec00000|  0%| F|  |TAMS 0x000000070ea00000| PB 0x000000070ea00000| Untracked 
|  32|0x000000070ec00000, 0x000000070ec00000, 0x000000070ee00000|  0%| F|  |TAMS 0x000000070ec00000| PB 0x000000070ec00000| Untracked 
|  33|0x000000070ee00000, 0x000000070ee00000, 0x000000070f000000|  0%| F|  |TAMS 0x000000070ee00000| PB 0x000000070ee00000| Untracked 
|  34|0x000000070f000000, 0x000000070f000000, 0x000000070f200000|  0%| F|  |TAMS 0x000000070f000000| PB 0x000000070f000000| Untracked 
|  35|0x000000070f200000, 0x000000070f200000, 0x000000070f400000|  0%| F|  |TAMS 0x000000070f200000| PB 0x000000070f200000| Untracked 
|  36|0x000000070f400000, 0x000000070f400000, 0x000000070f600000|  0%| F|  |TAMS 0x000000070f400000| PB 0x000000070f400000| Untracked 
|  37|0x000000070f600000, 0x000000070f600000, 0x000000070f800000|  0%| F|  |TAMS 0x000000070f600000| PB 0x000000070f600000| Untracked 
|  38|0x000000070f800000, 0x000000070f800000, 0x000000070fa00000|  0%| F|  |TAMS 0x000000070f800000| PB 0x000000070f800000| Untracked 
|  39|0x000000070fa00000, 0x000000070fa00000, 0x000000070fc00000|  0%| F|  |TAMS 0x000000070fa00000| PB 0x000000070fa00000| Untracked 
|  40|0x000000070fc00000, 0x000000070fc00000, 0x000000070fe00000|  0%| F|  |TAMS 0x000000070fc00000| PB 0x000000070fc00000| Untracked 
|  41|0x000000070fe00000, 0x000000070fe00000, 0x0000000710000000|  0%| F|  |TAMS 0x000000070fe00000| PB 0x000000070fe00000| Untracked 
|  42|0x0000000710000000, 0x0000000710000000, 0x0000000710200000|  0%| F|  |TAMS 0x0000000710000000| PB 0x0000000710000000| Untracked 
|  43|0x0000000710200000, 0x0000000710200000, 0x0000000710400000|  0%| F|  |TAMS 0x0000000710200000| PB 0x0000000710200000| Untracked 
|  44|0x0000000710400000, 0x0000000710400000, 0x0000000710600000|  0%| F|  |TAMS 0x0000000710400000| PB 0x0000000710400000| Untracked 
|  45|0x0000000710600000, 0x0000000710600000, 0x0000000710800000|  0%| F|  |TAMS 0x0000000710600000| PB 0x0000000710600000| Untracked 
|  46|0x0000000710800000, 0x0000000710800000, 0x0000000710a00000|  0%| F|  |TAMS 0x0000000710800000| PB 0x0000000710800000| Untracked 
|  47|0x0000000710a00000, 0x0000000710a00000, 0x0000000710c00000|  0%| F|  |TAMS 0x0000000710a00000| PB 0x0000000710a00000| Untracked 
|  48|0x0000000710c00000, 0x0000000710c00000, 0x0000000710e00000|  0%| F|  |TAMS 0x0000000710c00000| PB 0x0000000710c00000| Untracked 
|  49|0x0000000710e00000, 0x0000000710e00000, 0x0000000711000000|  0%| F|  |TAMS 0x0000000710e00000| PB 0x0000000710e00000| Untracked 
|  50|0x0000000711000000, 0x0000000711000000, 0x0000000711200000|  0%| F|  |TAMS 0x0000000711000000| PB 0x0000000711000000| Untracked 
|  51|0x0000000711200000, 0x0000000711200000, 0x0000000711400000|  0%| F|  |TAMS 0x0000000711200000| PB 0x0000000711200000| Untracked 
|  52|0x0000000711400000, 0x0000000711400000, 0x0000000711600000|  0%| F|  |TAMS 0x0000000711400000| PB 0x0000000711400000| Untracked 
|  53|0x0000000711600000, 0x0000000711600000, 0x0000000711800000|  0%| F|  |TAMS 0x0000000711600000| PB 0x0000000711600000| Untracked 
|  54|0x0000000711800000, 0x0000000711800000, 0x0000000711a00000|  0%| F|  |TAMS 0x0000000711800000| PB 0x0000000711800000| Untracked 
|  55|0x0000000711a00000, 0x0000000711a00000, 0x0000000711c00000|  0%| F|  |TAMS 0x0000000711a00000| PB 0x0000000711a00000| Untracked 
|  56|0x0000000711c00000, 0x0000000711c00000, 0x0000000711e00000|  0%| F|  |TAMS 0x0000000711c00000| PB 0x0000000711c00000| Untracked 
|  57|0x0000000711e00000, 0x0000000711e00000, 0x0000000712000000|  0%| F|  |TAMS 0x0000000711e00000| PB 0x0000000711e00000| Untracked 
|  58|0x0000000712000000, 0x0000000712000000, 0x0000000712200000|  0%| F|  |TAMS 0x0000000712000000| PB 0x0000000712000000| Untracked 
|  59|0x0000000712200000, 0x0000000712200000, 0x0000000712400000|  0%| F|  |TAMS 0x0000000712200000| PB 0x0000000712200000| Untracked 
|  60|0x0000000712400000, 0x0000000712400000, 0x0000000712600000|  0%| F|  |TAMS 0x0000000712400000| PB 0x0000000712400000| Untracked 
|  61|0x0000000712600000, 0x0000000712600000, 0x0000000712800000|  0%| F|  |TAMS 0x0000000712600000| PB 0x0000000712600000| Untracked 
|  62|0x0000000712800000, 0x0000000712800000, 0x0000000712a00000|  0%| F|  |TAMS 0x0000000712800000| PB 0x0000000712800000| Untracked 
|  63|0x0000000712a00000, 0x0000000712a00000, 0x0000000712c00000|  0%| F|  |TAMS 0x0000000712a00000| PB 0x0000000712a00000| Untracked 
|  64|0x0000000712c00000, 0x0000000712c00000, 0x0000000712e00000|  0%| F|  |TAMS 0x0000000712c00000| PB 0x0000000712c00000| Untracked 
|  65|0x0000000712e00000, 0x0000000712e00000, 0x0000000713000000|  0%| F|  |TAMS 0x0000000712e00000| PB 0x0000000712e00000| Untracked 
|  66|0x0000000713000000, 0x0000000713000000, 0x0000000713200000|  0%| F|  |TAMS 0x0000000713000000| PB 0x0000000713000000| Untracked 
|  67|0x0000000713200000, 0x0000000713200000, 0x0000000713400000|  0%| F|  |TAMS 0x0000000713200000| PB 0x0000000713200000| Untracked 
|  68|0x0000000713400000, 0x0000000713400000, 0x0000000713600000|  0%| F|  |TAMS 0x0000000713400000| PB 0x0000000713400000| Untracked 
|  69|0x0000000713600000, 0x0000000713600000, 0x0000000713800000|  0%| F|  |TAMS 0x0000000713600000| PB 0x0000000713600000| Untracked 
|  70|0x0000000713800000, 0x0000000713800000, 0x0000000713a00000|  0%| F|  |TAMS 0x0000000713800000| PB 0x0000000713800000| Untracked 
|  71|0x0000000713a00000, 0x0000000713a00000, 0x0000000713c00000|  0%| F|  |TAMS 0x0000000713a00000| PB 0x0000000713a00000| Untracked 
|  72|0x0000000713c00000, 0x0000000713c00000, 0x0000000713e00000|  0%| F|  |TAMS 0x0000000713c00000| PB 0x0000000713c00000| Untracked 
|  73|0x0000000713e00000, 0x0000000713e00000, 0x0000000714000000|  0%| F|  |TAMS 0x0000000713e00000| PB 0x0000000713e00000| Untracked 
|  74|0x0000000714000000, 0x0000000714000000, 0x0000000714200000|  0%| F|  |TAMS 0x0000000714000000| PB 0x0000000714000000| Untracked 
|  75|0x0000000714200000, 0x0000000714200000, 0x0000000714400000|  0%| F|  |TAMS 0x0000000714200000| PB 0x0000000714200000| Untracked 
|  76|0x0000000714400000, 0x0000000714400000, 0x0000000714600000|  0%| F|  |TAMS 0x0000000714400000| PB 0x0000000714400000| Untracked 
|  77|0x0000000714600000, 0x0000000714600000, 0x0000000714800000|  0%| F|  |TAMS 0x0000000714600000| PB 0x0000000714600000| Untracked 
|  78|0x0000000714800000, 0x0000000714800000, 0x0000000714a00000|  0%| F|  |TAMS 0x0000000714800000| PB 0x0000000714800000| Untracked 
|  79|0x0000000714a00000, 0x0000000714a00000, 0x0000000714c00000|  0%| F|  |TAMS 0x0000000714a00000| PB 0x0000000714a00000| Untracked 
|  80|0x0000000714c00000, 0x0000000714c00000, 0x0000000714e00000|  0%| F|  |TAMS 0x0000000714c00000| PB 0x0000000714c00000| Untracked 
|  81|0x0000000714e00000, 0x0000000714e00000, 0x0000000715000000|  0%| F|  |TAMS 0x0000000714e00000| PB 0x0000000714e00000| Untracked 
|  82|0x0000000715000000, 0x0000000715000000, 0x0000000715200000|  0%| F|  |TAMS 0x0000000715000000| PB 0x0000000715000000| Untracked 
|  83|0x0000000715200000, 0x0000000715200000, 0x0000000715400000|  0%| F|  |TAMS 0x0000000715200000| PB 0x0000000715200000| Untracked 
|  84|0x0000000715400000, 0x0000000715400000, 0x0000000715600000|  0%| F|  |TAMS 0x0000000715400000| PB 0x0000000715400000| Untracked 
|  85|0x0000000715600000, 0x0000000715600000, 0x0000000715800000|  0%| F|  |TAMS 0x0000000715600000| PB 0x0000000715600000| Untracked 
|  86|0x0000000715800000, 0x0000000715800000, 0x0000000715a00000|  0%| F|  |TAMS 0x0000000715800000| PB 0x0000000715800000| Untracked 
|  87|0x0000000715a00000, 0x0000000715a00000, 0x0000000715c00000|  0%| F|  |TAMS 0x0000000715a00000| PB 0x0000000715a00000| Untracked 
|  88|0x0000000715c00000, 0x0000000715c00000, 0x0000000715e00000|  0%| F|  |TAMS 0x0000000715c00000| PB 0x0000000715c00000| Untracked 
|  89|0x0000000715e00000, 0x0000000715e00000, 0x0000000716000000|  0%| F|  |TAMS 0x0000000715e00000| PB 0x0000000715e00000| Untracked 
|  90|0x0000000716000000, 0x0000000716000000, 0x0000000716200000|  0%| F|  |TAMS 0x0000000716000000| PB 0x0000000716000000| Untracked 
|  91|0x0000000716200000, 0x0000000716200000, 0x0000000716400000|  0%| F|  |TAMS 0x0000000716200000| PB 0x0000000716200000| Untracked 
|  92|0x0000000716400000, 0x0000000716400000, 0x0000000716600000|  0%| F|  |TAMS 0x0000000716400000| PB 0x0000000716400000| Untracked 
|  93|0x0000000716600000, 0x0000000716600000, 0x0000000716800000|  0%| F|  |TAMS 0x0000000716600000| PB 0x0000000716600000| Untracked 
|  94|0x0000000716800000, 0x0000000716800000, 0x0000000716a00000|  0%| F|  |TAMS 0x0000000716800000| PB 0x0000000716800000| Untracked 
|  95|0x0000000716a00000, 0x0000000716a00000, 0x0000000716c00000|  0%| F|  |TAMS 0x0000000716a00000| PB 0x0000000716a00000| Untracked 
|  96|0x0000000716c00000, 0x0000000716c00000, 0x0000000716e00000|  0%| F|  |TAMS 0x0000000716c00000| PB 0x0000000716c00000| Untracked 
|  97|0x0000000716e00000, 0x0000000716e00000, 0x0000000717000000|  0%| F|  |TAMS 0x0000000716e00000| PB 0x0000000716e00000| Untracked 
|  98|0x0000000717000000, 0x0000000717000000, 0x0000000717200000|  0%| F|  |TAMS 0x0000000717000000| PB 0x0000000717000000| Untracked 
|  99|0x0000000717200000, 0x0000000717200000, 0x0000000717400000|  0%| F|  |TAMS 0x0000000717200000| PB 0x0000000717200000| Untracked 
| 100|0x0000000717400000, 0x0000000717400000, 0x0000000717600000|  0%| F|  |TAMS 0x0000000717400000| PB 0x0000000717400000| Untracked 
| 101|0x0000000717600000, 0x0000000717600000, 0x0000000717800000|  0%| F|  |TAMS 0x0000000717600000| PB 0x0000000717600000| Untracked 
| 102|0x0000000717800000, 0x0000000717800000, 0x0000000717a00000|  0%| F|  |TAMS 0x0000000717800000| PB 0x0000000717800000| Untracked 
| 103|0x0000000717a00000, 0x0000000717a00000, 0x0000000717c00000|  0%| F|  |TAMS 0x0000000717a00000| PB 0x0000000717a00000| Untracked 
| 104|0x0000000717c00000, 0x0000000717c00000, 0x0000000717e00000|  0%| F|  |TAMS 0x0000000717c00000| PB 0x0000000717c00000| Untracked 
| 105|0x0000000717e00000, 0x0000000717e00000, 0x0000000718000000|  0%| F|  |TAMS 0x0000000717e00000| PB 0x0000000717e00000| Untracked 
| 106|0x0000000718000000, 0x0000000718000000, 0x0000000718200000|  0%| F|  |TAMS 0x0000000718000000| PB 0x0000000718000000| Untracked 
| 107|0x0000000718200000, 0x0000000718200000, 0x0000000718400000|  0%| F|  |TAMS 0x0000000718200000| PB 0x0000000718200000| Untracked 
| 108|0x0000000718400000, 0x0000000718400000, 0x0000000718600000|  0%| F|  |TAMS 0x0000000718400000| PB 0x0000000718400000| Untracked 
| 109|0x0000000718600000, 0x0000000718600000, 0x0000000718800000|  0%| F|  |TAMS 0x0000000718600000| PB 0x0000000718600000| Untracked 
| 110|0x0000000718800000, 0x0000000718800000, 0x0000000718a00000|  0%| F|  |TAMS 0x0000000718800000| PB 0x0000000718800000| Untracked 
| 111|0x0000000718a00000, 0x0000000718a00000, 0x0000000718c00000|  0%| F|  |TAMS 0x0000000718a00000| PB 0x0000000718a00000| Untracked 
| 112|0x0000000718c00000, 0x0000000718c00000, 0x0000000718e00000|  0%| F|  |TAMS 0x0000000718c00000| PB 0x0000000718c00000| Untracked 
| 113|0x0000000718e00000, 0x0000000718e00000, 0x0000000719000000|  0%| F|  |TAMS 0x0000000718e00000| PB 0x0000000718e00000| Untracked 
| 114|0x0000000719000000, 0x0000000719000000, 0x0000000719200000|  0%| F|  |TAMS 0x0000000719000000| PB 0x0000000719000000| Untracked 
| 115|0x0000000719200000, 0x0000000719200000, 0x0000000719400000|  0%| F|  |TAMS 0x0000000719200000| PB 0x0000000719200000| Untracked 
| 116|0x0000000719400000, 0x0000000719400000, 0x0000000719600000|  0%| F|  |TAMS 0x0000000719400000| PB 0x0000000719400000| Untracked 
| 117|0x0000000719600000, 0x0000000719600000, 0x0000000719800000|  0%| F|  |TAMS 0x0000000719600000| PB 0x0000000719600000| Untracked 
| 118|0x0000000719800000, 0x0000000719800000, 0x0000000719a00000|  0%| F|  |TAMS 0x0000000719800000| PB 0x0000000719800000| Untracked 
| 119|0x0000000719a00000, 0x0000000719a00000, 0x0000000719c00000|  0%| F|  |TAMS 0x0000000719a00000| PB 0x0000000719a00000| Untracked 
| 120|0x0000000719c00000, 0x0000000719c00000, 0x0000000719e00000|  0%| F|  |TAMS 0x0000000719c00000| PB 0x0000000719c00000| Untracked 
| 121|0x0000000719e00000, 0x0000000719ee2058, 0x000000071a000000| 44%| E|  |TAMS 0x0000000719e00000| PB 0x0000000719e00000| Complete 
| 122|0x000000071a000000, 0x000000071a200000, 0x000000071a200000|100%| E|CS|TAMS 0x000000071a000000| PB 0x000000071a000000| Complete 

Card table byte_map: [0x0000027b0f000000,0x0000027b0f7b0000] _byte_map_base: 0x0000027b0b7aa000

Marking Bits: (CMBitMap*) 0x0000027b79ce56a0
 Bits: [0x0000027b0f7b0000, 0x0000027b13500000)

Polling page: 0x0000027b799f0000

Metaspace:

Usage:
  Non-class:      5.62 MB used.
      Class:    573.41 KB used.
       Both:      6.18 MB used.

Virtual space:
  Non-class space:       64.00 MB reserved,       5.62 MB (  9%) committed,  1 nodes.
      Class space:        1.00 GB reserved,     640.00 KB ( <1%) committed,  1 nodes.
             Both:        1.06 GB reserved,       6.25 MB ( <1%) committed. 

Chunk freelists:
   Non-Class:  10.19 MB
       Class:  15.24 MB
        Both:  25.43 MB

MaxMetaspaceSize: unlimited
CompressedClassSpaceSize: 1.00 GB
Initial GC threshold: 21.00 MB
Current GC threshold: 21.00 MB
CDS: off
 - commit_granule_bytes: 65536.
 - commit_granule_words: 8192.
 - virtual_space_node_default_size: 8388608.
 - enlarge_chunks_in_place: 1.
 - use_allocation_guard: 0.


Internal statistics:

num_allocs_failed_limit: 0.
num_arena_births: 4.
num_arena_deaths: 0.
num_vsnodes_births: 2.
num_vsnodes_deaths: 0.
num_space_committed: 100.
num_space_uncommitted: 0.
num_chunks_returned_to_freelist: 0.
num_chunks_taken_from_freelist: 20.
num_chunk_merges: 0.
num_chunk_splits: 9.
num_chunks_enlarged: 6.
num_inconsistent_stats: 0.

CodeHeap 'non-profiled nmethods': size=120000Kb used=39Kb max_used=39Kb free=119961Kb
 bounds [0x0000027b07ad0000, 0x0000027b07d40000, 0x0000027b0f000000]
CodeHeap 'profiled nmethods': size=120000Kb used=134Kb max_used=134Kb free=119865Kb
 bounds [0x0000027b00000000, 0x0000027b00270000, 0x0000027b07530000]
CodeHeap 'non-nmethods': size=5760Kb used=1250Kb max_used=1250Kb free=4509Kb
 bounds [0x0000027b07530000, 0x0000027b077a0000, 0x0000027b07ad0000]
CodeCache: size=245760Kb, used=1423Kb, max_used=1423Kb, free=244335Kb
 total_blobs=514, nmethods=125, adapters=294, full_count=0
Compilation: enabled, stopped_count=0, restarted_count=0

Compilation events (20 events):
Event: 0.286 Thread 0x0000027b1a0be540  109       3       java.lang.StringBuilder::append (8 bytes)
Event: 0.286 Thread 0x0000027b1a0be540 nmethod 109 0x0000027b0001e390 code [0x0000027b0001e540, 0x0000027b0001e690]
Event: 0.286 Thread 0x0000027b1a0be540  110       3       java.lang.AbstractStringBuilder::append (45 bytes)
Event: 0.287 Thread 0x0000027b1a0be540 nmethod 110 0x0000027b0001e710 code [0x0000027b0001e920, 0x0000027b0001ee50]
Event: 0.287 Thread 0x0000027b1a0be540  113       3       java.lang.StringBuilder::append (8 bytes)
Event: 0.287 Thread 0x0000027b1a0be540 nmethod 113 0x0000027b0001f090 code [0x0000027b0001f240, 0x0000027b0001f390]
Event: 0.287 Thread 0x0000027b1a0be540  114       3       java.lang.AbstractStringBuilder::append (77 bytes)
Event: 0.288 Thread 0x0000027b1a0be540 nmethod 114 0x0000027b0001f410 code [0x0000027b0001f620, 0x0000027b0001fce0]
Event: 0.288 Thread 0x0000027b1a0be540  111       1       java.lang.AbstractStringBuilder::getValue (5 bytes)
Event: 0.288 Thread 0x0000027b1a0be540 nmethod 111 0x0000027b07ad8910 code [0x0000027b07ad8aa0, 0x0000027b07ad8b70]
Event: 0.290 Thread 0x0000027b1a0be540  116       3       jdk.internal.misc.Unsafe::toUnsignedLong (7 bytes)
Event: 0.290 Thread 0x0000027b1a0be540 nmethod 116 0x0000027b0001ff90 code [0x0000027b00020120, 0x0000027b00020220]
Event: 0.291 Thread 0x0000027b1a0be540  117       3       jdk.internal.misc.Unsafe::getLongUnaligned (173 bytes)
Event: 0.291 Thread 0x0000027b1a0be540 nmethod 117 0x0000027b00020290 code [0x0000027b00020480, 0x0000027b00020860]
Event: 0.294 Thread 0x0000027b1a0be540  120       3       java.lang.invoke.MethodType::hashCode (53 bytes)
Event: 0.294 Thread 0x0000027b1a0be540 nmethod 120 0x0000027b00020990 code [0x0000027b00020b60, 0x0000027b00020ee8]
Event: 0.294 Thread 0x0000027b1a0be540  122       3       jdk.internal.util.ReferencedKeyMap::lookupKey (9 bytes)
Event: 0.295 Thread 0x0000027b1a0be540 nmethod 122 0x0000027b00021090 code [0x0000027b00021240, 0x0000027b000214c8]
Event: 0.295 Thread 0x0000027b1a0be540  123       3       jdk.internal.util.StrongReferenceKey::<init> (10 bytes)
Event: 0.295 Thread 0x0000027b1a0be540 nmethod 123 0x0000027b00021610 code [0x0000027b000217c0, 0x0000027b00021980]

GC Heap History (0 events):
No events

Dll operation events (3 events):
Event: 0.014 Loaded shared library C:\Program Files\Android\Android Studio\jbr\bin\java.dll
Event: 0.025 Loaded shared library C:\Program Files\Android\Android Studio\jbr\bin\zip.dll
Event: 0.233 Loaded shared library C:\Program Files\Android\Android Studio\jbr\bin\verify.dll

Deoptimization events (0 events):
No events

Classes loaded (20 events):
Event: 0.285 Loading class java/util/Arrays$ArrayList
Event: 0.285 Loading class java/util/Arrays$ArrayList done
Event: 0.285 Loading class java/util/Arrays$ArrayItr
Event: 0.285 Loading class java/util/Arrays$ArrayItr done
Event: 0.289 Loading class java/util/HashMap$Values
Event: 0.289 Loading class java/util/HashMap$Values done
Event: 0.289 Loading class java/util/HashMap$ValueIterator
Event: 0.289 Loading class java/util/HashMap$ValueIterator done
Event: 0.290 Loading class java/lang/IllegalStateException
Event: 0.290 Loading class java/lang/IllegalStateException done
Event: 0.295 Loading class java/lang/invoke/BoundMethodHandle
Event: 0.295 Loading class java/lang/invoke/BoundMethodHandle done
Event: 0.295 Loading class java/lang/invoke/BoundMethodHandle$Specializer
Event: 0.295 Loading class java/lang/invoke/ClassSpecializer
Event: 0.295 Loading class java/lang/invoke/ClassSpecializer done
Event: 0.295 Loading class java/lang/invoke/BoundMethodHandle$Specializer done
Event: 0.295 Loading class java/lang/invoke/ClassSpecializer$1
Event: 0.295 Loading class java/lang/invoke/ClassSpecializer$1 done
Event: 0.296 Loading class java/lang/invoke/BoundMethodHandle$SpeciesData
Event: 0.296 Loading class java/lang/invoke/ClassSpecializer$SpeciesData

Classes unloaded (0 events):
No events

Classes redefined (0 events):
No events

Internal exceptions (0 events):
No events

ZGC Phase Switch (0 events):
No events

VM Operations (2 events):
Event: 0.224 Executing VM operation: HandshakeAllThreads (Deoptimize)
Event: 0.224 Executing VM operation: HandshakeAllThreads (Deoptimize) done

Memory protections (0 events):
No events

Nmethod flushes (0 events):
No events

Events (14 events):
Event: 0.022 Thread 0x0000027b797c5e80 Thread added: 0x0000027b797c5e80
Event: 0.104 Thread 0x0000027b797c5e80 Thread added: 0x0000027b797c4440
Event: 0.114 Thread 0x0000027b797c5e80 Thread added: 0x0000027b797c4ad0
Event: 0.114 Thread 0x0000027b797c5e80 Thread added: 0x0000027b797c5160
Event: 0.116 Thread 0x0000027b797c5e80 Thread added: 0x0000027b797c57f0
Event: 0.116 Thread 0x0000027b797c5e80 Thread added: 0x0000027b797c2a00
Event: 0.116 Thread 0x0000027b797c5e80 Thread added: 0x0000027b797c3090
Event: 0.116 Thread 0x0000027b797c5e80 Thread added: 0x0000027b797c3db0
Event: 0.117 Thread 0x0000027b797c5e80 Thread added: 0x0000027b1a0ba480
Event: 0.117 Thread 0x0000027b797c5e80 Thread added: 0x0000027b1a0be540
Event: 0.175 Thread 0x0000027b797c5e80 Thread added: 0x0000027b797c3720
Event: 0.200 Loaded shared library C:\Program Files\Android\Android Studio\jbr\bin\net.dll
Event: 0.205 Loaded shared library C:\Program Files\Android\Android Studio\jbr\bin\nio.dll
Event: 0.220 Loaded shared library C:\Program Files\Android\Android Studio\jbr\bin\zip.dll


Dynamic libraries:
0x00007ff651a70000 - 0x00007ff651a7a000 	C:\Program Files\Android\Android Studio\jbr\bin\java.exe
0x00007ffed7c20000 - 0x00007ffed7e87000 	C:\WINDOWS\SYSTEM32\ntdll.dll
0x00007ffed6f70000 - 0x00007ffed7039000 	C:\WINDOWS\System32\KERNEL32.DLL
0x00007ffed4fa0000 - 0x00007ffed538f000 	C:\WINDOWS\System32\KERNELBASE.dll
0x00007ffed5540000 - 0x00007ffed568b000 	C:\WINDOWS\System32\ucrtbase.dll
0x00007ffecfba0000 - 0x00007ffecfbb8000 	C:\Program Files\Android\Android Studio\jbr\bin\jli.dll
0x00007ffebf000000 - 0x00007ffebf01b000 	C:\Program Files\Android\Android Studio\jbr\bin\VCRUNTIME140.dll
0x00007ffed5a70000 - 0x00007ffed5c35000 	C:\WINDOWS\System32\USER32.dll
0x00007ffeba660000 - 0x00007ffeba8f3000 	C:\WINDOWS\WinSxS\amd64_microsoft.windows.common-controls_6595b64144ccf1df_6.0.26100.7309_none_3e05feeae336a044\COMCTL32.dll
0x00007ffed53a0000 - 0x00007ffed53c7000 	C:\WINDOWS\System32\win32u.dll
0x00007ffed7130000 - 0x00007ffed71d9000 	C:\WINDOWS\System32\msvcrt.dll
0x00007ffed5cb0000 - 0x00007ffed5cdb000 	C:\WINDOWS\System32\GDI32.dll
0x00007ffed5750000 - 0x00007ffed587c000 	C:\WINDOWS\System32\gdi32full.dll
0x00007ffed4ef0000 - 0x00007ffed4f93000 	C:\WINDOWS\System32\msvcp_win.dll
0x00007ffed7360000 - 0x00007ffed7391000 	C:\WINDOWS\System32\IMM32.DLL
0x00007ffecfb90000 - 0x00007ffecfb9c000 	C:\Program Files\Android\Android Studio\jbr\bin\vcruntime140_1.dll
0x00007ffe7c460000 - 0x00007ffe7c4ed000 	C:\Program Files\Android\Android Studio\jbr\bin\msvcp140.dll
0x00007ffe70d80000 - 0x00007ffe71a16000 	C:\Program Files\Android\Android Studio\jbr\bin\server\jvm.dll
0x00007ffed79b0000 - 0x00007ffed7a64000 	C:\WINDOWS\System32\ADVAPI32.dll
0x00007ffed59c0000 - 0x00007ffed5a66000 	C:\WINDOWS\System32\sechost.dll
0x00007ffed5d90000 - 0x00007ffed5ea8000 	C:\WINDOWS\System32\RPCRT4.dll
0x00007ffed7040000 - 0x00007ffed70b4000 	C:\WINDOWS\System32\WS2_32.dll
0x00007ffed4bd0000 - 0x00007ffed4c2e000 	C:\WINDOWS\SYSTEM32\POWRPROF.dll
0x00007ffecdd70000 - 0x00007ffecdda5000 	C:\WINDOWS\SYSTEM32\WINMM.dll
0x00007ffecddb0000 - 0x00007ffecddbb000 	C:\WINDOWS\SYSTEM32\VERSION.dll
0x00007ffed4bb0000 - 0x00007ffed4bc4000 	C:\WINDOWS\SYSTEM32\UMPDC.dll
0x00007ffed3a40000 - 0x00007ffed3a5b000 	C:\WINDOWS\SYSTEM32\kernel.appcore.dll
0x00007ffebf110000 - 0x00007ffebf11a000 	C:\Program Files\Android\Android Studio\jbr\bin\jimage.dll
0x00007ffec90e0000 - 0x00007ffec9322000 	C:\WINDOWS\SYSTEM32\DBGHELP.DLL
0x00007ffed7530000 - 0x00007ffed78b6000 	C:\WINDOWS\System32\combase.dll
0x00007ffed6250000 - 0x00007ffed6326000 	C:\WINDOWS\System32\OLEAUT32.dll
0x00007ffeb9160000 - 0x00007ffeb919c000 	C:\WINDOWS\SYSTEM32\dbgcore.DLL
0x00007ffed5910000 - 0x00007ffed59b5000 	C:\WINDOWS\System32\bcryptPrimitives.dll
0x00007ffeaac00000 - 0x00007ffeaac20000 	C:\Program Files\Android\Android Studio\jbr\bin\java.dll
0x00007ffea8410000 - 0x00007ffea8428000 	C:\Program Files\Android\Android Studio\jbr\bin\zip.dll
0x00007ffed6330000 - 0x00007ffed6a83000 	C:\WINDOWS\System32\SHELL32.dll
0x00007ffed53d0000 - 0x00007ffed553a000 	C:\WINDOWS\System32\wintypes.dll
0x00007ffed2930000 - 0x00007ffed318e000 	C:\WINDOWS\SYSTEM32\windows.storage.dll
0x00007ffed71e0000 - 0x00007ffed72d5000 	C:\WINDOWS\System32\SHCORE.dll
0x00007ffed70c0000 - 0x00007ffed7126000 	C:\WINDOWS\System32\shlwapi.dll
0x00007ffed4c90000 - 0x00007ffed4cb9000 	C:\WINDOWS\SYSTEM32\profapi.dll
0x00007ffebda00000 - 0x00007ffebda10000 	C:\Program Files\Android\Android Studio\jbr\bin\net.dll
0x00007ffecb830000 - 0x00007ffecb958000 	C:\WINDOWS\SYSTEM32\WINHTTP.dll
0x00007ffed4030000 - 0x00007ffed409b000 	C:\WINDOWS\system32\mswsock.dll
0x00007ffea1980000 - 0x00007ffea1996000 	C:\Program Files\Android\Android Studio\jbr\bin\nio.dll
0x00007ffebc9b0000 - 0x00007ffebc9c0000 	C:\Program Files\Android\Android Studio\jbr\bin\verify.dll

JVMTI agents: none

dbghelp: loaded successfully - version: 4.0.5 - missing functions: none
symbol engine: initialized successfully - sym options: 0x614 - pdb path: .;C:\Program Files\Android\Android Studio\jbr\bin;C:\WINDOWS\SYSTEM32;C:\WINDOWS\WinSxS\amd64_microsoft.windows.common-controls_6595b64144ccf1df_6.0.26100.7309_none_3e05feeae336a044;C:\Program Files\Android\Android Studio\jbr\bin\server

VM Arguments:
jvm_args: -Dorg.gradle.appname=gradlew 
java_command: org.gradle.wrapper.GradleWrapperMain -q -Ptarget-platform=android-arm64 -Ptarget=C:\flutter_project\mini29-main\lib\main.dart -Pbase-application-name=android.app.Application -Pdart-defines=RkxVVFRFUl9WRVJTSU9OPTMuMzguNQ==,RkxVVFRFUl9DSEFOTkVMPXN0YWJsZQ==,RkxVVFRFUl9HSVRfVVJMPWh0dHBzOi8vZ2l0aHViLmNvbS9mbHV0dGVyL2ZsdXR0ZXIuZ2l0,RkxVVFRFUl9GUkFNRVdPUktfUkVWSVNJT049ZjZmZjE1MjlmZA==,RkxVVFRFUl9FTkdJTkVfUkVWSVNJT049MTUyN2FlMGVjNQ==,RkxVVFRFUl9EQVJUX1ZFUlNJT049My4xMC40 -Pdart-obfuscation=false -Ptrack-widget-creation=true -Ptree-shake-icons=false -Pfilesystem-scheme=org-dartlang-root assembleDebug
java_class_path (initial): C:\flutter_project\mini29-main\android\\gradle\wrapper\gradle-wrapper.jar
Launcher Type: SUN_STANDARD

[Global flags]
     intx CICompilerCount                          = 4                                         {product} {ergonomic}
     uint ConcGCThreads                            = 3                                         {product} {ergonomic}
     uint G1ConcRefinementThreads                  = 10                                        {product} {ergonomic}
   size_t G1HeapRegionSize                         = 2097152                                   {product} {ergonomic}
    uintx GCDrainStackTargetSize                   = 64                                        {product} {ergonomic}
   size_t InitialHeapSize                          = 257949696                                 {product} {ergonomic}
   size_t MarkStackSize                            = 4194304                                   {product} {ergonomic}
   size_t MaxHeapSize                              = 4114612224                                {product} {ergonomic}
   size_t MaxNewSize                               = 2468347904                                {product} {ergonomic}
   size_t MinHeapDeltaBytes                        = 2097152                                   {product} {ergonomic}
   size_t MinHeapSize                              = 8388608                                   {product} {ergonomic}
    uintx NonNMethodCodeHeapSize                   = 5839372                                {pd product} {ergonomic}
    uintx NonProfiledCodeHeapSize                  = 122909434                              {pd product} {ergonomic}
    uintx ProfiledCodeHeapSize                     = 122909434                              {pd product} {ergonomic}
    uintx ReservedCodeCacheSize                    = 251658240                              {pd product} {ergonomic}
     bool SegmentedCodeCache                       = true                                      {product} {ergonomic}
   size_t SoftMaxHeapSize                          = 4114612224                             {manageable} {ergonomic}
     bool UseCompressedOops                        = true                           {product lp64_product} {ergonomic}
     bool UseG1GC                                  = true                                      {product} {ergonomic}
     bool UseLargePagesIndividualAllocation        = false                                  {pd product} {ergonomic}

Logging:
Log output configuration:
 #0: stdout all=warning uptime,level,tags foldmultilines=false
 #1: stderr all=off uptime,level,tags foldmultilines=false

Environment Variables:
JAVA_HOME=C:\Program Files\Android\Android Studio\jbr
CLASSPATH=C:\flutter_project\mini29-main\android\\gradle\wrapper\gradle-wrapper.jar
PATH=C:\Program Files\Android\Android Studio\jbr\bin;C:\flutter\bin\;C:\WINDOWS\system32;C:\WINDOWS;C:\WINDOWS\System32\Wbem;C:\WINDOWS\System32\WindowsPowerShell\v1.0\;C:\WINDOWS\System32\OpenSSH\;C:\MinGW\bin;C:\Users\nashv\AppData\Local\Microsoft\WindowsApps;C:\Users\nashv\AppData\Local\Programs\Microsoft VS Code\bin;C:\flutter\bin;C:\Users\nashv\AppData\Local\Programs\Antigravity\bin;C:\Users\nashv\AppData\Local\Android\sdk;C:\Users\nashv\AppData\Local\Android\Sdk\platform-tools;C:\Program Files\Android\Android Studio\jbr\bin;c:\Users\nashv\.vscode\extensions\vscjava.vscode-java-debug-0.58.5\bundled\scripts\noConfigScripts;C:\flutter\bin\mingit\cmd
USERNAME=nashv
LANG=en_US.UTF-8
OS=Windows_NT
PROCESSOR_IDENTIFIER=AMD64 Family 23 Model 104 Stepping 1, AuthenticAMD
TMP=C:\Users\nashv\AppData\Local\Temp
TEMP=C:\Users\nashv\AppData\Local\Temp




Periodic native trim disabled

JNI global refs:
JNI global refs: 8, weak refs: 0

JNI global refs memory usage: 835, weak refs: 201

Process memory usage:
Resident Set Size: 37396K (0% of 16070320K total physical memory with 2289068K free physical memory)

OOME stack traces (most recent first):
Classloader memory used:
Loader bootstrap                                                                       : 6254K
Loader jdk.internal.loader.ClassLoaders$AppClassLoader                                 : 74680B

---------------  S Y S T E M  ---------------

OS:
 Windows 11 , 64 bit Build 26100 (10.0.26100.7623)
OS uptime: 2 days 0:43 hours
Hyper-V role detected

CPU: total 12 (initial active 12) (12 cores per cpu, 2 threads per core) family 23 model 104 stepping 1 microcode 0x8608107, cx8, cmov, fxsr, ht, mmx, 3dnowpref, sse, sse2, sse3, ssse3, sse4a, sse4.1, sse4.2, popcnt, lzcnt, tsc, tscinvbit, avx, avx2, aes, clmul, bmi1, bmi2, adx, sha, fma, vzeroupper, clflush, clflushopt, hv, rdtscp, rdpid, f16c
Processor Information for processor 0
  Max Mhz: 2100, Current Mhz: 1893, Mhz Limit: 2100
Processor Information for processor 1
  Max Mhz: 2100, Current Mhz: 1893, Mhz Limit: 2100
Processor Information for processor 2
  Max Mhz: 2100, Current Mhz: 1893, Mhz Limit: 2100
Processor Information for processor 3
  Max Mhz: 2100, Current Mhz: 1893, Mhz Limit: 2100
Processor Information for processor 4
  Max Mhz: 2100, Current Mhz: 1893, Mhz Limit: 2100
Processor Information for processor 5
  Max Mhz: 2100, Current Mhz: 1813, Mhz Limit: 2100
Processor Information for processor 6
  Max Mhz: 2100, Current Mhz: 1893, Mhz Limit: 2100
Processor Information for processor 7
  Max Mhz: 2100, Current Mhz: 1893, Mhz Limit: 2100
Processor Information for processor 8
  Max Mhz: 2100, Current Mhz: 1893, Mhz Limit: 2100
Processor Information for processor 9
  Max Mhz: 2100, Current Mhz: 1893, Mhz Limit: 2100
Processor Information for processor 10
  Max Mhz: 2100, Current Mhz: 1893, Mhz Limit: 2100
Processor Information for processor 11
  Max Mhz: 2100, Current Mhz: 1893, Mhz Limit: 2100

Memory: 4k page, system-wide physical 15693M (2237M free)
TotalPageFile size 17064M (AvailPageFile size 84M)
current process WorkingSet (physical memory assigned to process): 36M, peak: 36M
current process commit charge ("private bytes"): 328M, peak: 329M

vm_info: OpenJDK 64-Bit Server VM (21.0.8+-14196175-b1038.72) for windows-amd64 JRE (21.0.8+-14196175-b1038.72), built on 2025-10-01T10:24:33Z by "builder" with MS VC++ 16.10 / 16.11 (VS2019)

END.
