#
# There is insufficient memory for the Java Runtime Environment to continue.
# Native memory allocation (mmap) failed to map 257949696 bytes. Error detail: G1 virtual space
# Possible reasons:
#   The system is out of physical RAM or swap space
#   This process is running with CompressedOops enabled, and the Java Heap may be blocking the growth of the native heap
# Possible solutions:
#   Reduce memory load on the system
#   Increase physical memory or swap space
#   Check if swap backing store is full
#   Decrease Java heap size (-Xmx/-Xms)
#   Decrease number of Java threads
#   Decrease Java thread stack sizes (-Xss)
#   Set larger code cache with -XX:ReservedCodeCacheSize=
#   JVM is running with Zero Based Compressed Oops mode in which the Java heap is
#     placed in the first 32GB address space. The Java Heap base address is the
#     maximum limit for the native heap growth. Please use -XX:HeapBaseMinAddress
#     to set the Java Heap base and to place the Java Heap above 32GB virtual address.
# This output file may be truncated or incomplete.
#
#  Out of Memory Error (os_windows.cpp:3925), pid=9060, tid=14592
#
# JRE version:  (21.0.8) (build )
# Java VM: OpenJDK 64-Bit Server VM (21.0.8+-14196175-b1038.72, mixed mode, sharing, tiered, compressed oops, compressed class ptrs, g1 gc, windows-amd64)
# No core dump will be written. Minidumps are not enabled by default on client versions of Windows
#

---------------  S U M M A R Y ------------

Command Line: -Dorg.gradle.appname=gradlew org.gradle.wrapper.GradleWrapperMain -q -Ptarget-platform=android-arm64 -Ptarget=D:\main_30\lib\main.dart -Pbase-application-name=android.app.Application -Pdart-defines=RkxVVFRFUl9WRVJTSU9OPTMuMzguNQ==,RkxVVFRFUl9DSEFOTkVMPXN0YWJsZQ==,RkxVVFRFUl9HSVRfVVJMPWh0dHBzOi8vZ2l0aHViLmNvbS9mbHV0dGVyL2ZsdXR0ZXIuZ2l0,RkxVVFRFUl9GUkFNRVdPUktfUkVWSVNJT049ZjZmZjE1MjlmZA==,RkxVVFRFUl9FTkdJTkVfUkVWSVNJT049MTUyN2FlMGVjNQ==,RkxVVFRFUl9EQVJUX1ZFUlNJT049My4xMC40 -Pdart-obfuscation=false -Ptrack-widget-creation=true -Ptree-shake-icons=false -Pfilesystem-scheme=org-dartlang-root assembleDebug

Host: AMD Ryzen 5 5500U with Radeon Graphics         , 12 cores, 15G,  Windows 11 , 64 bit Build 26100 (10.0.26100.7623)
Time: Thu Mar 12 10:22:26 2026 India Standard Time elapsed time: 0.035383 seconds (0d 0h 0m 0s)

---------------  T H R E A D  ---------------

Current thread (0x00000216d9f012d0):  JavaThread "Unknown thread" [_thread_in_vm, id=14592, stack(0x0000005290800000,0x0000005290900000) (1024K)]

Stack: [0x0000005290800000,0x0000005290900000]
Native frames: (J=compiled Java code, j=interpreted, Vv=VM code, C=native code)
V  [jvm.dll+0x6d68d9]
V  [jvm.dll+0x866693]
V  [jvm.dll+0x868c4e]
V  [jvm.dll+0x869333]
V  [jvm.dll+0x280566]
V  [jvm.dll+0x6d3195]
V  [jvm.dll+0x6c69ea]
V  [jvm.dll+0x3586db]
V  [jvm.dll+0x360336]
V  [jvm.dll+0x3b23f6]
V  [jvm.dll+0x3b26c8]
V  [jvm.dll+0x32ae6c]
V  [jvm.dll+0x32bb5b]
V  [jvm.dll+0x82e109]
V  [jvm.dll+0x3bf5c8]
V  [jvm.dll+0x817388]
V  [jvm.dll+0x453b6e]
V  [jvm.dll+0x4552d1]
C  [jli.dll+0x52ab]
C  [ucrtbase.dll+0x37b0]
C  [KERNEL32.DLL+0x2e8d7]
C  [ntdll.dll+0x8c53c]


---------------  P R O C E S S  ---------------

Threads class SMR info:
_java_thread_list=0x00007ffe438fb988, length=0, elements={
}

Java Threads: ( => current thread )
Total: 0

Other Threads:
  0x00000216dc2eece0 WorkerThread "GC Thread#0"                     [id=7164, stack(0x0000005290900000,0x0000005290a00000) (1024K)]
  0x00000216dc301020 ConcurrentGCThread "G1 Main Marker"            [id=13828, stack(0x0000005290a00000,0x0000005290b00000) (1024K)]
  0x00000216dc301930 WorkerThread "G1 Conc#0"                       [id=11976, stack(0x0000005290b00000,0x0000005290c00000) (1024K)]

[error occurred during error reporting (printing all threads), id 0xc0000005, EXCEPTION_ACCESS_VIOLATION (0xc0000005) at pc=0x00007ffe430eddd7]
VM state: not at safepoint (not fully initialized)

VM Mutex/Monitor currently owned by a thread:  ([mutex/lock_event])
[0x00007ffe439686b8] Heap_lock - owner thread: 0x00000216d9f012d0

Heap address: 0x000000070ac00000, size: 3924 MB, Compressed Oops mode: Zero based, Oop shift amount: 3

CDS archive(s) mapped at: [0x0000000000000000-0x0000000000000000-0x0000000000000000), size 0, SharedBaseAddress: 0x0000000800000000, ArchiveRelocationMode: 1.
Narrow klass base: 0x0000000000000000, Narrow klass shift: 0, Narrow klass range: 0x0

GC Precious Log:
 CardTable entry size: 512
 Card Set container configuration: InlinePtr #cards 4 size 8 Array Of Cards #cards 16 size 48 Howl #buckets 8 coarsen threshold 3686 Howl Bitmap #cards 512 size 80 coarsen threshold 460 Card regions per heap region 1 cards per card region 4096

Heap:
 garbage-first heap   total 0K, used 0K [0x000000070ac00000, 0x0000000800000000)
  region size 2048K, 0 young (0K), 0 survivors (0K)
 Metaspace       used 0K, committed 0K, reserved 0K
  class space    used 0K, committed 0K, reserved 0K

Heap Regions: E=young(eden), S=young(survivor), O=old, HS=humongous(starts), HC=humongous(continues), CS=collection set, F=free, TAMS=top-at-mark-start, PB=parsable bottom

Card table byte_map: [0x00000216ef0e0000,0x00000216ef890000] _byte_map_base: 0x00000216eb88a000

Marking Bits: (CMBitMap*) 0x00000216dc2f1200
 Bits: [0x00000216ef890000, 0x00000216f35e0000)

GC Heap History (0 events):
No events

Dll operation events (1 events):
Event: 0.022 Loaded shared library C:\Program Files\Android\Android Studio\jbr\bin\java.dll

Deoptimization events (0 events):
No events

Classes loaded (0 events):
No events

Classes unloaded (0 events):
No events

Classes redefined (0 events):
No events

Internal exceptions (0 events):
No events

ZGC Phase Switch (0 events):
No events

VM Operations (0 events):
No events

Memory protections (0 events):
No events

Nmethod flushes (0 events):
No events

Events (0 events):
No events


Dynamic libraries:
0x00007ff67f970000 - 0x00007ff67f97a000 	C:\Program Files\Android\Android Studio\jbr\bin\java.exe
0x00007ffed7c20000 - 0x00007ffed7e87000 	C:\WINDOWS\SYSTEM32\ntdll.dll
0x00007ffed6f70000 - 0x00007ffed7039000 	C:\WINDOWS\System32\KERNEL32.DLL
0x00007ffed4fa0000 - 0x00007ffed538f000 	C:\WINDOWS\System32\KERNELBASE.dll
0x00007ffed5540000 - 0x00007ffed568b000 	C:\WINDOWS\System32\ucrtbase.dll
0x00007ffe878f0000 - 0x00007ffe87908000 	C:\Program Files\Android\Android Studio\jbr\bin\jli.dll
0x00007ffed5a70000 - 0x00007ffed5c35000 	C:\WINDOWS\System32\USER32.dll
0x00007ffed53a0000 - 0x00007ffed53c7000 	C:\WINDOWS\System32\win32u.dll
0x00007ffed5cb0000 - 0x00007ffed5cdb000 	C:\WINDOWS\System32\GDI32.dll
0x00007ffed5750000 - 0x00007ffed587c000 	C:\WINDOWS\System32\gdi32full.dll
0x00007ffed4ef0000 - 0x00007ffed4f93000 	C:\WINDOWS\System32\msvcp_win.dll
0x00007ffe87910000 - 0x00007ffe8792b000 	C:\Program Files\Android\Android Studio\jbr\bin\VCRUNTIME140.dll
0x00007ffeba660000 - 0x00007ffeba8f3000 	C:\WINDOWS\WinSxS\amd64_microsoft.windows.common-controls_6595b64144ccf1df_6.0.26100.7309_none_3e05feeae336a044\COMCTL32.dll
0x00007ffed7130000 - 0x00007ffed71d9000 	C:\WINDOWS\System32\msvcrt.dll
0x00007ffed7360000 - 0x00007ffed7391000 	C:\WINDOWS\System32\IMM32.DLL
0x00007ffebe680000 - 0x00007ffebe68c000 	C:\Program Files\Android\Android Studio\jbr\bin\vcruntime140_1.dll
0x00007ffe70710000 - 0x00007ffe7079d000 	C:\Program Files\Android\Android Studio\jbr\bin\msvcp140.dll
0x00007ffe42db0000 - 0x00007ffe43a46000 	C:\Program Files\Android\Android Studio\jbr\bin\server\jvm.dll
0x00007ffed79b0000 - 0x00007ffed7a64000 	C:\WINDOWS\System32\ADVAPI32.dll
0x00007ffed59c0000 - 0x00007ffed5a66000 	C:\WINDOWS\System32\sechost.dll
0x00007ffed5d90000 - 0x00007ffed5ea8000 	C:\WINDOWS\System32\RPCRT4.dll
0x00007ffed7040000 - 0x00007ffed70b4000 	C:\WINDOWS\System32\WS2_32.dll
0x00007ffed4bd0000 - 0x00007ffed4c2e000 	C:\WINDOWS\SYSTEM32\POWRPROF.dll
0x00007ffecdd70000 - 0x00007ffecdda5000 	C:\WINDOWS\SYSTEM32\WINMM.dll
0x00007ffecddb0000 - 0x00007ffecddbb000 	C:\WINDOWS\SYSTEM32\VERSION.dll
0x00007ffed4bb0000 - 0x00007ffed4bc4000 	C:\WINDOWS\SYSTEM32\UMPDC.dll
0x00007ffed3a40000 - 0x00007ffed3a5b000 	C:\WINDOWS\SYSTEM32\kernel.appcore.dll
0x00007ffebe3f0000 - 0x00007ffebe3fa000 	C:\Program Files\Android\Android Studio\jbr\bin\jimage.dll
0x00007ffec90e0000 - 0x00007ffec9322000 	C:\WINDOWS\SYSTEM32\DBGHELP.DLL
0x00007ffed7530000 - 0x00007ffed78b6000 	C:\WINDOWS\System32\combase.dll
0x00007ffed6250000 - 0x00007ffed6326000 	C:\WINDOWS\System32\OLEAUT32.dll
0x00007ffeb9160000 - 0x00007ffeb919c000 	C:\WINDOWS\SYSTEM32\dbgcore.DLL
0x00007ffed5910000 - 0x00007ffed59b5000 	C:\WINDOWS\System32\bcryptPrimitives.dll
0x00007ffe86b60000 - 0x00007ffe86b80000 	C:\Program Files\Android\Android Studio\jbr\bin\java.dll

JVMTI agents: none

dbghelp: loaded successfully - version: 4.0.5 - missing functions: none
symbol engine: initialized successfully - sym options: 0x614 - pdb path: .;C:\Program Files\Android\Android Studio\jbr\bin;C:\WINDOWS\SYSTEM32;C:\WINDOWS\WinSxS\amd64_microsoft.windows.common-controls_6595b64144ccf1df_6.0.26100.7309_none_3e05feeae336a044;C:\Program Files\Android\Android Studio\jbr\bin\server

VM Arguments:
jvm_args: -Dorg.gradle.appname=gradlew 
java_command: org.gradle.wrapper.GradleWrapperMain -q -Ptarget-platform=android-arm64 -Ptarget=D:\main_30\lib\main.dart -Pbase-application-name=android.app.Application -Pdart-defines=RkxVVFRFUl9WRVJTSU9OPTMuMzguNQ==,RkxVVFRFUl9DSEFOTkVMPXN0YWJsZQ==,RkxVVFRFUl9HSVRfVVJMPWh0dHBzOi8vZ2l0aHViLmNvbS9mbHV0dGVyL2ZsdXR0ZXIuZ2l0,RkxVVFRFUl9GUkFNRVdPUktfUkVWSVNJT049ZjZmZjE1MjlmZA==,RkxVVFRFUl9FTkdJTkVfUkVWSVNJT049MTUyN2FlMGVjNQ==,RkxVVFRFUl9EQVJUX1ZFUlNJT049My4xMC40 -Pdart-obfuscation=false -Ptrack-widget-creation=true -Ptree-shake-icons=false -Pfilesystem-scheme=org-dartlang-root assembleDebug
java_class_path (initial): D:\main_30\android\\gradle\wrapper\gradle-wrapper.jar
Launcher Type: SUN_STANDARD

[Global flags]
     intx CICompilerCount                          = 4                                         {product} {ergonomic}
     uint ConcGCThreads                            = 3                                         {product} {ergonomic}
     uint G1ConcRefinementThreads                  = 10                                        {product} {ergonomic}
   size_t G1HeapRegionSize                         = 2097152                                   {product} {ergonomic}
    uintx GCDrainStackTargetSize                   = 64                                        {product} {ergonomic}
   size_t InitialHeapSize                          = 257949696                                 {product} {ergonomic}
   size_t MarkStackSize                            = 4194304                                   {product} {ergonomic}
   size_t MaxHeapSize                              = 4114612224                                {product} {ergonomic}
   size_t MinHeapDeltaBytes                        = 2097152                                   {product} {ergonomic}
   size_t MinHeapSize                              = 8388608                                   {product} {ergonomic}
    uintx NonNMethodCodeHeapSize                   = 5839372                                {pd product} {ergonomic}
    uintx NonProfiledCodeHeapSize                  = 122909434                              {pd product} {ergonomic}
    uintx ProfiledCodeHeapSize                     = 122909434                              {pd product} {ergonomic}
    uintx ReservedCodeCacheSize                    = 251658240                              {pd product} {ergonomic}
     bool SegmentedCodeCache                       = true                                      {product} {ergonomic}
   size_t SoftMaxHeapSize                          = 4114612224                             {manageable} {ergonomic}
     bool UseCompressedOops                        = true                           {product lp64_product} {ergonomic}
     bool UseG1GC                                  = true                                      {product} {ergonomic}
     bool UseLargePagesIndividualAllocation        = false                                  {pd product} {ergonomic}

Logging:
Log output configuration:
 #0: stdout all=warning uptime,level,tags foldmultilines=false
 #1: stderr all=off uptime,level,tags foldmultilines=false

Environment Variables:
JAVA_HOME=C:\Program Files\Android\Android Studio\jbr
CLASSPATH=D:\main_30\android\\gradle\wrapper\gradle-wrapper.jar
PATH=C:\Program Files\Android\Android Studio\jbr\bin;C:\flutter\bin\;C:\Users\nashv\AppData\Local\Programs\Microsoft VS Code;C:\WINDOWS\system32;C:\WINDOWS;C:\WINDOWS\System32\Wbem;C:\WINDOWS\System32\WindowsPowerShell\v1.0\;C:\WINDOWS\System32\OpenSSH\;C:\MinGW\bin;C:\Users\nashv\AppData\Local\Microsoft\WindowsApps;C:\Users\nashv\AppData\Local\Programs\Microsoft VS Code\bin;C:\flutter\bin;C:\Users\nashv\AppData\Local\Programs\Antigravity\bin;C:\Users\nashv\AppData\Local\Android\sdk;C:\Users\nashv\AppData\Local\Android\Sdk\platform-tools;C:\Program Files\Android\Android Studio\jbr\bin;c:\Users\nashv\.vscode\extensions\vscjava.vscode-java-debug-0.58.5\bundled\scripts\noConfigScripts;C:\flutter\bin\mingit\cmd
USERNAME=nashv
LANG=en_US.UTF-8
OS=Windows_NT
PROCESSOR_IDENTIFIER=AMD64 Family 23 Model 104 Stepping 1, AuthenticAMD
TMP=C:\Users\nashv\AppData\Local\Temp
TEMP=C:\Users\nashv\AppData\Local\Temp




Periodic native trim disabled

JNI global refs:
JNI global refs: 0, weak refs: 0

JNI global refs memory usage: 0, weak refs: 0

Process memory usage:
Resident Set Size: 13040K (0% of 16070320K total physical memory with 1606780K free physical memory)

OOME stack traces (most recent first):
Classloader memory used:

---------------  S Y S T E M  ---------------

OS:
 Windows 11 , 64 bit Build 26100 (10.0.26100.7623)
OS uptime: 6 days 20:45 hours
Hyper-V role detected

CPU: total 12 (initial active 12) (12 cores per cpu, 2 threads per core) family 23 model 104 stepping 1 microcode 0x8608107, cx8, cmov, fxsr, ht, mmx, 3dnowpref, sse, sse2, sse3, ssse3, sse4a, sse4.1, sse4.2, popcnt, lzcnt, tsc, tscinvbit, avx, avx2, aes, clmul, bmi1, bmi2, adx, sha, fma, vzeroupper, clflush, clflushopt, hv, rdtscp, rdpid, f16c
Processor Information for the first 12 processors :
  Max Mhz: 2100, Current Mhz: 1988, Mhz Limit: 2100

Memory: 4k page, system-wide physical 15693M (1569M free)
TotalPageFile size 18857M (AvailPageFile size 245M)
current process WorkingSet (physical memory assigned to process): 12M, peak: 12M
current process commit charge ("private bytes"): 64M, peak: 310M

vm_info: OpenJDK 64-Bit Server VM (21.0.8+-14196175-b1038.72) for windows-amd64 JRE (21.0.8+-14196175-b1038.72), built on 2025-10-01T10:24:33Z by "builder" with MS VC++ 16.10 / 16.11 (VS2019)

END.
